This is pdfTeX, Version 3.14159265-2.6-1.40.20 (MiKTeX 2.9.7140 64-bit) (preloaded format=pdflatex 2019.9.30)  9 OCT 2019 18:53
entering extended mode
**./main.tex
(main.tex
LaTeX2e <2018-12-01>

(C:\Users\alexb\scoop\apps\latex\current\texmfs\install\tex/latex/base\article.
cls
Document Class: article 2018/09/03 v1.4i Standard LaTeX document class

(C:\Users\alexb\scoop\apps\latex\current\texmfs\install\tex/latex/base\size10.c
lo
File: size10.clo 2018/09/03 v1.4i Standard LaTeX file (size option)
)
\c@part=\count80
\c@section=\count81
\c@subsection=\count82
\c@subsubsection=\count83
\c@paragraph=\count84
\c@subparagraph=\count85
\c@figure=\count86
\c@table=\count87
\abovecaptionskip=\skip41
\belowcaptionskip=\skip42
\bibindent=\dimen102
)
(C:\Users\alexb\scoop\apps\latex\current\texmfs\install\tex/latex/base\inputenc
.sty
Package: inputenc 2018/08/11 v1.3c Input encoding file
\inpenc@prehook=\toks14
\inpenc@posthook=\toks15
)
(C:\Users\alexb\scoop\apps\latex\current\texmfs\install\tex/latex/amsfonts\amsf
onts.sty
Package: amsfonts 2013/01/14 v3.01 Basic AMSFonts support
\@emptytoks=\toks16
\symAMSa=\mathgroup4
\symAMSb=\mathgroup5
LaTeX Font Info:    Overwriting math alphabet `\mathfrak' in version `bold'
(Font)                  U/euf/m/n --> U/euf/b/n on input line 106.
)
(C:\Users\alexb\scoop\apps\latex\current\texmfs\install\tex/latex/amsmath\amsma
th.sty
Package: amsmath 2018/12/01 v2.17b AMS math features
\@mathmargin=\skip43

For additional information on amsmath, use the `?' option.

(C:\Users\alexb\scoop\apps\latex\current\texmfs\install\tex/latex/amsmath\amste
xt.sty
Package: amstext 2000/06/29 v2.01 AMS text

(C:\Users\alexb\scoop\apps\latex\current\texmfs\install\tex/latex/amsmath\amsge
n.sty
File: amsgen.sty 1999/11/30 v2.0 generic functions
\@emptytoks=\toks17
\ex@=\dimen103
))
(C:\Users\alexb\scoop\apps\latex\current\texmfs\install\tex/latex/amsmath\amsbs
y.sty
Package: amsbsy 1999/11/29 v1.2d Bold Symbols
\pmbraise@=\dimen104
)
(C:\Users\alexb\scoop\apps\latex\current\texmfs\install\tex/latex/amsmath\amsop
n.sty
Package: amsopn 2016/03/08 v2.02 operator names
)
\inf@bad=\count88
LaTeX Info: Redefining \frac on input line 223.
\uproot@=\count89
\leftroot@=\count90
LaTeX Info: Redefining \overline on input line 385.
\classnum@=\count91
\DOTSCASE@=\count92
LaTeX Info: Redefining \ldots on input line 482.
LaTeX Info: Redefining \dots on input line 485.
LaTeX Info: Redefining \cdots on input line 606.
\Mathstrutbox@=\box27
\strutbox@=\box28
\big@size=\dimen105
LaTeX Font Info:    Redeclaring font encoding OML on input line 729.
LaTeX Font Info:    Redeclaring font encoding OMS on input line 730.
\macc@depth=\count93
\c@MaxMatrixCols=\count94
\dotsspace@=\muskip10
\c@parentequation=\count95
\dspbrk@lvl=\count96
\tag@help=\toks18
\row@=\count97
\column@=\count98
\maxfields@=\count99
\andhelp@=\toks19
\eqnshift@=\dimen106
\alignsep@=\dimen107
\tagshift@=\dimen108
\tagwidth@=\dimen109
\totwidth@=\dimen110
\lineht@=\dimen111
\@envbody=\toks20
\multlinegap=\skip44
\multlinetaggap=\skip45
\mathdisplay@stack=\toks21
LaTeX Info: Redefining \[ on input line 2844.
LaTeX Info: Redefining \] on input line 2845.
)
(C:\Users\alexb\scoop\apps\latex\current\texmfs\install\tex/latex/amsfonts\amss
ymb.sty
Package: amssymb 2013/01/14 v3.01 AMS font symbols
)
(C:\Users\alexb\scoop\apps\latex\current\texmfs\install\tex/latex/amscls\amsthm
.sty
Package: amsthm 2017/10/31 v2.20.4
\thm@style=\toks22
\thm@bodyfont=\toks23
\thm@headfont=\toks24
\thm@notefont=\toks25
\thm@headpunct=\toks26
\thm@preskip=\skip46
\thm@postskip=\skip47
\thm@headsep=\skip48
\dth@everypar=\toks27
)
(C:\Users\alexb\scoop\apps\latex\current\texmfs\install\tex/latex/float\float.s
ty
Package: float 2001/11/08 v1.3d Float enhancements (AL)
\c@float@type=\count100
\float@exts=\toks28
\float@box=\box29
\@float@everytoks=\toks29
\@floatcapt=\box30
)
(C:\Users\alexb\scoop\apps\latex\current\texmfs\install\tex/latex/geometry\geom
etry.sty
Package: geometry 2018/04/16 v5.8 Page Geometry

(C:\Users\alexb\scoop\apps\latex\current\texmfs\install\tex/latex/graphics\keyv
al.sty
Package: keyval 2014/10/28 v1.15 key=value parser (DPC)
\KV@toks@=\toks30
)
(C:\Users\alexb\scoop\apps\latex\current\texmfs\install\tex/generic/oberdiek\if
pdf.sty
Package: ifpdf 2018/09/07 v3.3 Provides the ifpdf switch
)
(C:\Users\alexb\scoop\apps\latex\current\texmfs\install\tex/generic/oberdiek\if
vtex.sty
Package: ifvtex 2016/05/16 v1.6 Detect VTeX and its facilities (HO)
Package ifvtex Info: VTeX not detected.
)
(C:\Users\alexb\scoop\apps\latex\current\texmfs\install\tex/generic/ifxetex\ifx
etex.sty
Package: ifxetex 2010/09/12 v0.6 Provides ifxetex conditional
)
\Gm@cnth=\count101
\Gm@cntv=\count102
\c@Gm@tempcnt=\count103
\Gm@bindingoffset=\dimen112
\Gm@wd@mp=\dimen113
\Gm@odd@mp=\dimen114
\Gm@even@mp=\dimen115
\Gm@layoutwidth=\dimen116
\Gm@layoutheight=\dimen117
\Gm@layouthoffset=\dimen118
\Gm@layoutvoffset=\dimen119
\Gm@dimlist=\toks31

(C:\Users\alexb\scoop\apps\latex\current\texmfs\install\tex/latex/geometry\geom
etry.cfg))
(C:\Users\alexb\scoop\apps\latex\current\texmfs\install\tex/latex/graphics\colo
r.sty
Package: color 2016/07/10 v1.1e Standard LaTeX Color (DPC)

(C:\Users\alexb\scoop\apps\latex\current\texmfs\install\tex/latex/graphics-cfg\
color.cfg
File: color.cfg 2016/01/02 v1.6 sample color configuration
)
Package color Info: Driver file: pdftex.def on input line 147.

(C:\Users\alexb\scoop\apps\latex\current\texmfs\install\tex/latex/graphics-def\
pdftex.def
File: pdftex.def 2018/01/08 v1.0l Graphics/color driver for pdftex
))
(C:\Users\alexb\scoop\apps\latex\current\texmfs\install\tex/latex/breqn\breqn.s
ty
(C:\Users\alexb\scoop\apps\latex\current\texmfs\install\tex/latex/l3kernel\expl
3.sty
Package: expl3 2019-09-19 L3 programming layer (loader) 

(C:\Users\alexb\scoop\apps\latex\current\texmfs\install\tex/latex/l3kernel\expl
3-code.tex
Package: expl3 2019-09-19 L3 programming layer (code)
\c_max_int=\count104
\l_tmpa_int=\count105
\l_tmpb_int=\count106
\g_tmpa_int=\count107
\g_tmpb_int=\count108
\g__kernel_prg_map_int=\count109
\c__ior_term_noprompt_ior=\count110
\c_log_iow=\count111
\l_iow_line_count_int=\count112
\l__iow_line_target_int=\count113
\l__iow_one_indent_int=\count114
\l__iow_indent_int=\count115
\c_zero_dim=\dimen120
\c_max_dim=\dimen121
\l_tmpa_dim=\dimen122
\l_tmpb_dim=\dimen123
\g_tmpa_dim=\dimen124
\g_tmpb_dim=\dimen125
\c_zero_skip=\skip49
\c_max_skip=\skip50
\l_tmpa_skip=\skip51
\l_tmpb_skip=\skip52
\g_tmpa_skip=\skip53
\g_tmpb_skip=\skip54
\c_zero_muskip=\muskip11
\c_max_muskip=\muskip12
\l_tmpa_muskip=\muskip13
\l_tmpb_muskip=\muskip14
\g_tmpa_muskip=\muskip15
\g_tmpb_muskip=\muskip16
\l_keys_choice_int=\count116
\l__intarray_loop_int=\count117
\c__intarray_sp_dim=\dimen126
\g__intarray_font_int=\count118
\c__fp_leading_shift_int=\count119
\c__fp_middle_shift_int=\count120
\c__fp_trailing_shift_int=\count121
\c__fp_big_leading_shift_int=\count122
\c__fp_big_middle_shift_int=\count123
\c__fp_big_trailing_shift_int=\count124
\c__fp_Bigg_leading_shift_int=\count125
\c__fp_Bigg_middle_shift_int=\count126
\c__fp_Bigg_trailing_shift_int=\count127
\c__kernel_randint_max_int=\count128
\g__fp_array_int=\count129
\l__fp_array_loop_int=\count130
\l__sort_length_int=\count131
\l__sort_min_int=\count132
\l__sort_top_int=\count133
\l__sort_max_int=\count134
\l__sort_true_max_int=\count135
\l__sort_block_int=\count136
\l__sort_begin_int=\count137
\l__sort_end_int=\count138
\l__sort_A_int=\count139
\l__sort_B_int=\count140
\l__sort_C_int=\count141
\l__str_internal_int=\count142
\c__str_replacement_char_int=\count143
\l__tl_analysis_normal_int=\count144
\l__tl_analysis_index_int=\count145
\l__tl_analysis_nesting_int=\count146
\l__tl_analysis_type_int=\count147
\l__regex_internal_a_int=\count148
\l__regex_internal_b_int=\count149
\l__regex_internal_c_int=\count150
\l__regex_balance_int=\count151
\l__regex_group_level_int=\count152
\l__regex_mode_int=\count153
\c__regex_cs_in_class_mode_int=\count154
\c__regex_cs_mode_int=\count155
\l__regex_catcodes_int=\count156
\l__regex_default_catcodes_int=\count157
\c__regex_catcode_D_int=\count158
\c__regex_catcode_S_int=\count159
\c__regex_catcode_L_int=\count160
\c__regex_catcode_O_int=\count161
\c__regex_catcode_A_int=\count162
\c__regex_all_catcodes_int=\count163
\l__regex_show_lines_int=\count164
\l__regex_min_state_int=\count165
\l__regex_max_state_int=\count166
\l__regex_left_state_int=\count167
\l__regex_right_state_int=\count168
\l__regex_capturing_group_int=\count169
\l__regex_min_pos_int=\count170
\l__regex_max_pos_int=\count171
\l__regex_curr_pos_int=\count172
\l__regex_start_pos_int=\count173
\l__regex_success_pos_int=\count174
\l__regex_curr_char_int=\count175
\l__regex_curr_catcode_int=\count176
\l__regex_last_char_int=\count177
\l__regex_case_changed_char_int=\count178
\l__regex_curr_state_int=\count179
\l__regex_step_int=\count180
\l__regex_min_active_int=\count181
\l__regex_max_active_int=\count182
\l__regex_replacement_csnames_int=\count183
\l__regex_match_count_int=\count184
\l__regex_min_submatch_int=\count185
\l__regex_submatch_int=\count186
\l__regex_zeroth_submatch_int=\count187
\g__regex_trace_regex_int=\count188
\c_empty_box=\box31
\l_tmpa_box=\box32
\l_tmpb_box=\box33
\g_tmpa_box=\box34
\g_tmpb_box=\box35
\l__box_top_dim=\dimen127
\l__box_bottom_dim=\dimen128
\l__box_left_dim=\dimen129
\l__box_right_dim=\dimen130
\l__box_top_new_dim=\dimen131
\l__box_bottom_new_dim=\dimen132
\l__box_left_new_dim=\dimen133
\l__box_right_new_dim=\dimen134
\l__box_internal_box=\box36
\l__coffin_internal_box=\box37
\l__coffin_internal_dim=\dimen135
\l__coffin_offset_x_dim=\dimen136
\l__coffin_offset_y_dim=\dimen137
\l__coffin_x_dim=\dimen138
\l__coffin_y_dim=\dimen139
\l__coffin_x_prime_dim=\dimen140
\l__coffin_y_prime_dim=\dimen141
\c_empty_coffin=\box38
\l__coffin_aligned_coffin=\box39
\l__coffin_aligned_internal_coffin=\box40
\l_tmpa_coffin=\box41
\l_tmpb_coffin=\box42
\g_tmpa_coffin=\box43
\g_tmpb_coffin=\box44
\l__coffin_bounding_shift_dim=\dimen142
\l__coffin_left_corner_dim=\dimen143
\l__coffin_right_corner_dim=\dimen144
\l__coffin_bottom_corner_dim=\dimen145
\l__coffin_top_corner_dim=\dimen146
\l__coffin_scaled_total_height_dim=\dimen147
\l__coffin_scaled_width_dim=\dimen148
\c__coffin_empty_coffin=\box45
\l__coffin_display_coffin=\box46
\l__coffin_display_coord_coffin=\box47
\l__coffin_display_pole_coffin=\box48
\l__coffin_display_offset_dim=\dimen149
\l__coffin_display_x_dim=\dimen150
\l__coffin_display_y_dim=\dimen151
\g__char_data_ior=\read1
\l__seq_internal_a_int=\count189
\l__seq_internal_b_int=\count190
)
(C:\Users\alexb\scoop\apps\latex\current\texmfs\install\tex/latex/l3backend\l3b
ackend-pdfmode.def
File: l3backend-pdfmode.def 2019-04-06 v L3 backend support: PDF mode
\l__kernel_color_stack_int=\count191
\l__pdf_internal_box=\box49
))
Package: breqn 2018/09/14 v0.98f Breaking equations

(C:\Users\alexb\scoop\apps\latex\current\texmfs\install\tex/latex/breqn\flexisy
m.sty
Package: flexisym 2017/01/27 v0.98e Make math characters macros
LaTeX Info: Redefining \textprime on input line 300.
LaTeX Info: Redefining \not on input line 358.

(C:\Users\alexb\scoop\apps\latex\current\texmfs\install\tex/latex/breqn\cmbase.
sym
File: cmbase.sym 2007/12/19 v0.92
LaTeX Info: Redefining \hbar on input line 325.
LaTeX Info: Redefining \surd on input line 327.
LaTeX Info: Redefining \angle on input line 335.
LaTeX Info: Redefining \neq on input line 336.
LaTeX Info: Redefining \mapsto on input line 337.
LaTeX Info: Redefining \cong on input line 338.
LaTeX Info: Redefining \notin on input line 341.
LaTeX Info: Redefining \rightleftharpoons on input line 342.
LaTeX Info: Redefining \doteq on input line 343.
LaTeX Info: Redefining \hookrightarrow on input line 344.
LaTeX Info: Redefining \hookleftarrow on input line 345.
LaTeX Info: Redefining \bowtie on input line 346.
LaTeX Info: Redefining \models on input line 347.
LaTeX Info: Redefining \Longrightarrow on input line 348.
LaTeX Info: Redefining \longrightarrow on input line 349.
LaTeX Info: Redefining \Longleftarrow on input line 350.
LaTeX Info: Redefining \longleftarrow on input line 351.
LaTeX Info: Redefining \longmapsto on input line 352.
LaTeX Info: Redefining \longleftrightarrow on input line 353.
LaTeX Info: Redefining \Longleftrightarrow on input line 354.
LaTeX Info: Redefining \cdots on input line 358.
LaTeX Info: Redefining \vdots on input line 361.
LaTeX Info: Redefining \ddots on input line 366.
)
(C:\Users\alexb\scoop\apps\latex\current\texmfs\install\tex/latex/breqn\mathsty
le.sty
Package: mathstyle 2017/01/27 0.98e Tracking mathstyle implicitly
LaTeX Info: Redefining \displaystyle on input line 93.
LaTeX Info: Redefining \textstyle on input line 95.
LaTeX Info: Redefining \scriptstyle on input line 97.
LaTeX Info: Redefining \scriptscriptstyle on input line 99.
LaTeX Info: Redefining \genfrac on input line 145.
))
(C:\Users\alexb\scoop\apps\latex\current\texmfs\install\tex/latex/tools\calc.st
y
Package: calc 2017/05/25 v4.3 Infix arithmetic (KKT,FJ)
\calc@Acount=\count192
\calc@Bcount=\count193
\calc@Adimen=\dimen152
\calc@Bdimen=\dimen153
\calc@Askip=\skip55
\calc@Bskip=\skip56
LaTeX Info: Redefining \setlength on input line 80.
LaTeX Info: Redefining \addtolength on input line 81.
\calc@Ccount=\count194
\calc@Cskip=\skip57
)
\inf@bad=\count195
\maxint=\count196
\listwidth=\dimen154
\eqnumsep=\dimen155
\eqmargin=\dimen156
\eqlinespacing=\skip58
\eqlineskip=\skip59
\eqlineskiplimit=\dimen157
\eqbinoffset=\muskip17
\eqdelimoffset=\muskip18
\eqindentstep=\dimen158
\eqstyle=\toks32
\eqbreakdepth=\count197
\eqinterlinepenalty=\count198
\intereqpenalty=\count199
\intereqskip=\skip60
\prerelpenalty=\count266
\prebinoppenalty=\count267
\Dmedmuskip=\muskip19
\Dthickmuskip=\muskip20
\eqleftskip=\skip61
\eqrightskip=\skip62
\eq@vspan=\skip63
\eq@binoffset=\muskip21
\EQ@box=\box50
\EQ@copy=\box51
\EQ@numbox=\box52
\eq@wdNum=\dimen159
\GRP@numbox=\box53
\grp@wdNum=\dimen160
\eq@lines=\count268
\eq@curline=\count269
\eq@badness=\count270
\EQ@vims=\count271
\eq@dp=\dimen161
\eq@wdL=\dimen162
\eq@wdT=\dimen163
\eq@wdMin=\dimen164
\grp@wdL=\dimen165
\grp@wdR=\dimen166
\grp@wdT=\dimen167
\eq@wdRmax=\dimen168
\eq@firstht=\dimen169
\eq@wdCond=\dimen170
\eq@indentstep=\dimen171
\eq@linewidth=\dimen172
\grp@linewidth=\dimen173
\eq@hshift=\dimen174
\eq@given@sidespace=\dimen175
\mathindent=\dimen176
\eq@final@linecount=\count272
\eq@wdR=\dimen177
\EQ@continue=\toks33
\lr@level=\count273
\GRP@queue=\toks34
\GRP@box=\box54
\GRP@wholebox=\box55
\darraycolsep=\skip64
\cur@row=\count274
\cur@col=\count275
\conditionsep=\skip65
)
(C:\Users\alexb\scoop\apps\latex\current\texmfs\install\tex/latex/qtree\qtree.s
ty
Package: 2008/12/12 v.3.1bQtree: tree-drawing for linguistics
Package: qtree 2008/12/12 v.3.1bQtree: tree-drawing for linguistics

(C:\Users\alexb\scoop\apps\latex\current\texmfs\install\tex/latex/pict2e\pict2e
.sty
Package: pict2e 2019/08/20 v0.3c Improved picture commands (HjG,RN,JT)

(C:\Users\alexb\scoop\apps\latex\current\texmfs\install\tex/latex/pict2e\pict2e
.cfg
File: pict2e.cfg 2016/02/05 v0.1u pict2e configuration for teTeX/TeXLive
)
Package pict2e Info: Driver file: pdftex.def on input line 119.
Package pict2e Info: Driver file for pict2e: p2e-pdftex.def on input line 121.

(C:\Users\alexb\scoop\apps\latex\current\texmfs\install\tex/latex/pict2e\p2e-pd
ftex.def
File: p2e-pdftex.def 2016/02/05 v0.1u Driver-dependant file (RN,HjG,JT)
)
(C:\Users\alexb\scoop\apps\latex\current\texmfs\install\tex/latex/graphics\trig
.sty
Package: trig 2016/01/03 v1.10 sin cos tan (DPC)
)
\pIIe@GRAPH=\toks35
\@arclen=\dimen178
\@arcrad=\dimen179
\@tempdimd=\dimen180
)
\c@treecount=\count276
\c@branchcount=\count277
\parentbox=\box56
\treebox=\box57
\treeboxone=\box58
\treeboxtwo=\box59
\treeboxthree=\box60
\treeboxfour=\box61
\treeboxfive=\box62
\treeboxsix=\box63
\treeboxseven=\box64
\treeboxeight=\box65
\treeboxnine=\box66
\treeboxten=\box67
\treeboxeleven=\box68
\treeboxtwelve=\box69
\treeboxthirteen=\box70
\treeboxfourteen=\box71
\treeboxfifteen=\box72
\treeboxsixteen=\box73
\treeboxseventeen=\box74
\treeboxeighteen=\box75
\treeboxnineteen=\box76
\treeboxtwenty=\box77
\treeoffsetone=\skip66
\treeoffsettwo=\skip67
\treeoffsetthree=\skip68
\treeoffsetfour=\skip69
\treeoffsetfive=\skip70
\treeoffsetsix=\skip71
\treeoffsetseven=\skip72
\treeoffseteight=\skip73
\treeoffsetnine=\skip74
\treeoffsetten=\skip75
\treeoffseteleven=\skip76
\treeoffsettwelve=\skip77
\treeoffsetthirteen=\skip78
\treeoffsetfourteen=\skip79
\treeoffsetfifteen=\skip80
\treeoffsetsixteen=\skip81
\treeoffsetseventeen=\skip82
\treeoffseteighteen=\skip83
\treeoffsetnineteen=\skip84
\treeoffsettwenty=\skip85
\treeshiftone=\skip86
\treeshifttwo=\skip87
\treeshiftthree=\skip88
\treeshiftfour=\skip89
\treeshiftfive=\skip90
\treeshiftsix=\skip91
\treeshiftseven=\skip92
\treeshifteight=\skip93
\treeshiftnine=\skip94
\treeshiftten=\skip95
\treeshifteleven=\skip96
\treeshifttwelve=\skip97
\treeshiftthirteen=\skip98
\treeshiftfourteen=\skip99
\treeshiftfifteen=\skip100
\treeshiftsixteen=\skip101
\treeshiftseventeen=\skip102
\treeshifteighteen=\skip103
\treeshiftnineteen=\skip104
\treeshifttwenty=\skip105
\treewidthone=\skip106
\treewidthtwo=\skip107
\treewidththree=\skip108
\treewidthfour=\skip109
\treewidthfive=\skip110
\treewidthsix=\skip111
\treewidthseven=\skip112
\treewidtheight=\skip113
\treewidthnine=\skip114
\treewidthten=\skip115
\treewidtheleven=\skip116
\treewidthtwelve=\skip117
\treewidththirteen=\skip118
\treewidthfourteen=\skip119
\treewidthfifteen=\skip120
\treewidthsixteen=\skip121
\treewidthseventeen=\skip122
\treewidtheighteen=\skip123
\treewidthnineteen=\skip124
\treewidthtwenty=\skip125
\daughteroffsetone=\skip126
\daughteroffsettwo=\skip127
\daughteroffsetthree=\skip128
\daughteroffsetfour=\skip129
\branchwidthone=\skip130
\branchwidthtwo=\skip131
\branchwidththree=\skip132
\branchwidthfour=\skip133
\parentoffset=\skip134
\treeoffset=\skip135
\daughteroffset=\skip136
\branchwidth=\skip137
\parentwidth=\skip138
\treewidth=\skip139
\qta=\toks36
\qtb=\toks37
\nbranches=\count278
\qroofx=\count279
\qroofy=\count280
\@qrscratchbox=\box78
) (main.aux)
\openout1 = `main.aux'.

LaTeX Font Info:    Checking defaults for OML/cmm/m/it on input line 23.
LaTeX Font Info:    ... okay on input line 23.
LaTeX Font Info:    Checking defaults for T1/cmr/m/n on input line 23.
LaTeX Font Info:    ... okay on input line 23.
LaTeX Font Info:    Checking defaults for OT1/cmr/m/n on input line 23.
LaTeX Font Info:    ... okay on input line 23.
LaTeX Font Info:    Checking defaults for OMS/cmsy/m/n on input line 23.
LaTeX Font Info:    ... okay on input line 23.
LaTeX Font Info:    Checking defaults for OMX/cmex/m/n on input line 23.
LaTeX Font Info:    ... okay on input line 23.
LaTeX Font Info:    Checking defaults for U/cmr/m/n on input line 23.
LaTeX Font Info:    ... okay on input line 23.

*geometry* driver: auto-detecting
*geometry* detected driver: pdftex
*geometry* verbose mode - [ preamble ] result:
* driver: pdftex
* paper: <default>
* layout: <same size as paper>
* layoutoffset:(h,v)=(0.0pt,0.0pt)
* modes: 
* h-part:(L,W,R)=(72.26999pt, 469.75502pt, 72.26999pt)
* v-part:(T,H,B)=(72.26999pt, 650.43001pt, 72.26999pt)
* \paperwidth=614.295pt
* \paperheight=794.96999pt
* \textwidth=469.75502pt
* \textheight=650.43001pt
* \oddsidemargin=0.0pt
* \evensidemargin=0.0pt
* \topmargin=-37.0pt
* \headheight=12.0pt
* \headsep=25.0pt
* \topskip=10.0pt
* \footskip=30.0pt
* \marginparwidth=65.0pt
* \marginparsep=11.0pt
* \columnsep=10.0pt
* \skip\footins=9.0pt plus 4.0pt minus 2.0pt
* \hoffset=0.0pt
* \voffset=0.0pt
* \mag=1000
* \@twocolumnfalse
* \@twosidefalse
* \@mparswitchfalse
* \@reversemarginfalse
* (1in=72.27pt=25.4mm, 1cm=28.453pt)


(C:\Users\alexb\scoop\apps\latex\current\texmfs\install\tex/context/base/mkii\s
upp-pdf.mkii
[Loading MPS to PDF converter (version 2006.09.02).]
\scratchcounter=\count281
\scratchdimen=\dimen181
\scratchbox=\box79
\nofMPsegments=\count282
\nofMParguments=\count283
\everyMPshowfont=\toks38
\MPscratchCnt=\count284
\MPscratchDim=\dimen182
\MPnumerator=\count285
\makeMPintoPDFobject=\count286
\everyMPtoPDFconversion=\toks39
)
LaTeX Font Info:    Try loading font information for U+msa on input line 25.

(C:\Users\alexb\scoop\apps\latex\current\texmfs\install\tex/latex/amsfonts\umsa
.fd
File: umsa.fd 2013/01/14 v3.01 AMS symbols A
)
LaTeX Font Info:    Try loading font information for U+msb on input line 25.

(C:\Users\alexb\scoop\apps\latex\current\texmfs\install\tex/latex/amsfonts\umsb
.fd
File: umsb.fd 2013/01/14 v3.01 AMS symbols B
) [1

{C:/Users/alexb/scoop/apps/latex/current/texmfs/data/pdftex/config/pdftex.map}]

Overfull \hbox (6.72757pt too wide) detected at line 73
[]\OT1/cmr/m/n/10 (\OML/cmm/m/it/10 Y[] \OT1/cmr/m/n/10 = \OML/cmm/m/it/10 k[]\
OMS/cmsy/m/n/10 j[]\OT1/cmr/m/n/10 ) = [](\OML/cmm/m/it/10 Y[] \OT1/cmr/m/n/10 
= \OML/cmm/m/it/10 k[]\OMS/cmsy/m/n/10 j[]\OT1/cmr/m/n/10 ) = [](\OML/cmm/m/it/
10 Y[] \OT1/cmr/m/n/10 = \OML/cmm/m/it/10 k[]\OMS/cmsy/m/n/10 j[]\OT1/cmr/m/n/1
0 )
 []

[2]
Underfull \hbox (badness 10000) in paragraph at lines 108--110

 []

[3] (main.aux) ) 
Here is how much of TeX's memory you used:
 13162 strings out of 492895
 235796 string characters out of 3120947
 278468 words of memory out of 3000000
 17021 multiletter control sequences out of 15000+200000
 540237 words of font info for 55 fonts, out of 3000000 for 9000
 1141 hyphenation exceptions out of 8191
 41i,9n,63p,775b,317s stack positions out of 5000i,500n,10000p,200000b,50000s
<C:/Users/alexb/scoop/apps/latex/current/texmfs/install/fonts/t
ype1/public/amsfonts/cm/cmbx10.pfb><C:/Users/alexb/scoop/apps/latex/current/tex
mfs/install/fonts/type1/public/amsfonts/cm/cmcsc10.pfb><C:/Users/alexb/scoop/ap
ps/latex/current/texmfs/install/fonts/type1/public/amsfonts/cm/cmex10.pfb><C:/U
sers/alexb/scoop/apps/latex/current/texmfs/install/fonts/type1/public/amsfonts/
cm/cmmi10.pfb><C:/Users/alexb/scoop/apps/latex/current/texmfs/install/fonts/typ
e1/public/amsfonts/cm/cmmi5.pfb><C:/Users/alexb/scoop/apps/latex/current/texmfs
/install/fonts/type1/public/amsfonts/cm/cmmi7.pfb><C:/Users/alexb/scoop/apps/la
tex/current/texmfs/install/fonts/type1/public/amsfonts/cm/cmr10.pfb><C:/Users/a
lexb/scoop/apps/latex/current/texmfs/install/fonts/type1/public/amsfonts/cm/cmr
12.pfb><C:/Users/alexb/scoop/apps/latex/current/texmfs/install/fonts/type1/publ
ic/amsfonts/cm/cmr17.pfb><C:/Users/alexb/scoop/apps/latex/current/texmfs/instal
l/fonts/type1/public/amsfonts/cm/cmr5.pfb><C:/Users/alexb/scoop/apps/latex/curr
ent/texmfs/install/fonts/type1/public/amsfonts/cm/cmr7.pfb><C:/Users/alexb/scoo
p/apps/latex/current/texmfs/install/fonts/type1/public/amsfonts/cm/cmsy10.pfb><
C:/Users/alexb/scoop/apps/latex/current/texmfs/install/fonts/type1/public/amsfo
nts/cm/cmsy5.pfb><C:/Users/alexb/scoop/apps/latex/current/texmfs/install/fonts/
type1/public/amsfonts/cm/cmsy7.pfb><C:/Users/alexb/scoop/apps/latex/current/tex
mfs/install/fonts/type1/public/amsfonts/cm/cmti10.pfb><C:/Users/alexb/scoop/app
s/latex/current/texmfs/install/fonts/type1/public/amsfonts/symbols/msbm10.pfb>
Output written on main.pdf (3 pages, 168784 bytes).
PDF statistics:
 76 PDF objects out of 1000 (max. 8388607)
 0 named destinations out of 1000 (max. 500000)
 1 words of extra memory for PDF output out of 10000 (max. 10000000)

