\BOOKMARK [0][-]{chapter.1}{C\340lcul vectorial}{}% 1
\BOOKMARK [1][-]{section.1.1}{Relacions \372tils i definicions b\340siques}{chapter.1}% 2
\BOOKMARK [1][-]{section.1.2}{Derivades i integrals de funcions vectorials}{chapter.1}% 3
\BOOKMARK [2][-]{subsection.1.2.1}{Diverg\350ncia i rotacional}{section.1.2}% 4
\BOOKMARK [2][-]{teo.1.2.1}{Teorema de Gauss}{section.1.2}% 5
\BOOKMARK [2][-]{teo.1.2.2}{Teorema d'Stokes}{section.1.2}% 6
\BOOKMARK [0][-]{chapter.2}{Cinem\340tica de la part\355cula}{}% 7
\BOOKMARK [1][-]{section.2.1}{Moviment}{chapter.2}% 8
\BOOKMARK [1][-]{section.2.2}{Canvis de coordenades}{chapter.2}% 9
\BOOKMARK [2][-]{subsection.2.2.1}{Coordenades polars}{section.2.2}% 10
\BOOKMARK [2][-]{subsection.2.2.2}{Coordenades intr\355nseques}{section.2.2}% 11
\BOOKMARK [1][-]{section.2.3}{Tipus de moviments}{chapter.2}% 12
\BOOKMARK [2][-]{subsection.2.3.1}{Uniforme}{section.2.3}% 13
\BOOKMARK [2][-]{subsection.2.3.2}{Uniformement accelerat}{section.2.3}% 14
\BOOKMARK [2][-]{subsection.2.3.3}{Circular}{section.2.3}% 15
\BOOKMARK [0][-]{chapter.3}{Din\340mica de la part\355cula}{}% 16
\BOOKMARK [1][-]{section.3.1}{Principis de la mec\340nica cl\340ssica}{chapter.3}% 17
\BOOKMARK [2][-]{subsection.3.1.1}{La primera llei de Newton: la llei de la in\350rcia}{section.3.1}% 18
\BOOKMARK [2][-]{subsection.3.1.2}{La segona llei de Newton}{section.3.1}% 19
\BOOKMARK [2][-]{subsection.3.1.3}{La tercera llei de Newton}{section.3.1}% 20
\BOOKMARK [2][-]{subsection.3.1.4}{Forces de fricci\363}{section.3.1}% 21
\BOOKMARK [2][-]{subsection.3.1.5}{Sistemes de massa variable}{section.3.1}% 22
\BOOKMARK [1][-]{section.3.2}{Moviment curvilini}{chapter.3}% 23
\BOOKMARK [0][-]{chapter.4}{Sistemes de refer\350ncia en rotaci\363}{}% 24
\BOOKMARK [1][-]{section.4.1}{Moviment relatiu rotacional}{chapter.4}% 25
\BOOKMARK [2][-]{subsection.4.1.1}{Velocitat relativa rotacional}{section.4.1}% 26
\BOOKMARK [2][-]{subsection.4.1.2}{Acceleraci\363 relativa rotacional}{section.4.1}% 27
\BOOKMARK [1][-]{section.4.2}{Forces fict\355cies \(o inercials\)}{chapter.4}% 28
\BOOKMARK [1][-]{section.4.3}{Moviment relatiu a la Terra}{chapter.4}% 29
