This is pdfTeX, Version 3.14159265-2.6-1.40.20 (MiKTeX 2.9.7140 64-bit) (preloaded format=pdflatex 2019.9.30)  8 JAN 2020 23:43
entering extended mode
**./main.tex
(main.tex
LaTeX2e <2018-12-01>

(C:\Users\alexb\scoop\apps\latex\current\texmfs\install\tex/latex/base\book.cls
Document Class: book 2018/09/03 v1.4i Standard LaTeX document class

(C:\Users\alexb\scoop\apps\latex\current\texmfs\install\tex/latex/base\bk12.clo
File: bk12.clo 2018/09/03 v1.4i Standard LaTeX file (size option)
)
\c@part=\count80
\c@chapter=\count81
\c@section=\count82
\c@subsection=\count83
\c@subsubsection=\count84
\c@paragraph=\count85
\c@subparagraph=\count86
\c@figure=\count87
\c@table=\count88
\abovecaptionskip=\skip41
\belowcaptionskip=\skip42
\bibindent=\dimen102
) (../preamble.tex
(C:\Users\alexb\scoop\apps\latex\current\texmfs\install\tex/latex/base\inputenc
.sty
Package: inputenc 2018/08/11 v1.3c Input encoding file
\inpenc@prehook=\toks14
\inpenc@posthook=\toks15
)
(C:\Users\alexb\scoop\apps\latex\current\texmfs\install\tex/latex/base\fontenc.
sty
Package: fontenc 2018/08/11 v2.0j Standard LaTeX package

(C:\Users\alexb\scoop\apps\latex\current\texmfs\install\tex/latex/base\t1enc.de
f
File: t1enc.def 2018/08/11 v2.0j Standard LaTeX file
LaTeX Font Info:    Redeclaring font encoding T1 on input line 48.
))
(C:\Users\alexb\scoop\apps\latex\current\texmfs\install\tex/latex/lm\lmodern.st
y
Package: lmodern 2009/10/30 v1.6 Latin Modern Fonts
LaTeX Font Info:    Overwriting symbol font `operators' in version `normal'
(Font)                  OT1/cmr/m/n --> OT1/lmr/m/n on input line 22.
LaTeX Font Info:    Overwriting symbol font `letters' in version `normal'
(Font)                  OML/cmm/m/it --> OML/lmm/m/it on input line 23.
LaTeX Font Info:    Overwriting symbol font `symbols' in version `normal'
(Font)                  OMS/cmsy/m/n --> OMS/lmsy/m/n on input line 24.
LaTeX Font Info:    Overwriting symbol font `largesymbols' in version `normal'
(Font)                  OMX/cmex/m/n --> OMX/lmex/m/n on input line 25.
LaTeX Font Info:    Overwriting symbol font `operators' in version `bold'
(Font)                  OT1/cmr/bx/n --> OT1/lmr/bx/n on input line 26.
LaTeX Font Info:    Overwriting symbol font `letters' in version `bold'
(Font)                  OML/cmm/b/it --> OML/lmm/b/it on input line 27.
LaTeX Font Info:    Overwriting symbol font `symbols' in version `bold'
(Font)                  OMS/cmsy/b/n --> OMS/lmsy/b/n on input line 28.
LaTeX Font Info:    Overwriting symbol font `largesymbols' in version `bold'
(Font)                  OMX/cmex/m/n --> OMX/lmex/m/n on input line 29.
LaTeX Font Info:    Overwriting math alphabet `\mathbf' in version `normal'
(Font)                  OT1/cmr/bx/n --> OT1/lmr/bx/n on input line 31.
LaTeX Font Info:    Overwriting math alphabet `\mathsf' in version `normal'
(Font)                  OT1/cmss/m/n --> OT1/lmss/m/n on input line 32.
LaTeX Font Info:    Overwriting math alphabet `\mathit' in version `normal'
(Font)                  OT1/cmr/m/it --> OT1/lmr/m/it on input line 33.
LaTeX Font Info:    Overwriting math alphabet `\mathtt' in version `normal'
(Font)                  OT1/cmtt/m/n --> OT1/lmtt/m/n on input line 34.
LaTeX Font Info:    Overwriting math alphabet `\mathbf' in version `bold'
(Font)                  OT1/cmr/bx/n --> OT1/lmr/bx/n on input line 35.
LaTeX Font Info:    Overwriting math alphabet `\mathsf' in version `bold'
(Font)                  OT1/cmss/bx/n --> OT1/lmss/bx/n on input line 36.
LaTeX Font Info:    Overwriting math alphabet `\mathit' in version `bold'
(Font)                  OT1/cmr/bx/it --> OT1/lmr/bx/it on input line 37.
LaTeX Font Info:    Overwriting math alphabet `\mathtt' in version `bold'
(Font)                  OT1/cmtt/m/n --> OT1/lmtt/m/n on input line 38.
)
(C:\Users\alexb\scoop\apps\latex\current\texmfs\install\tex/latex/geometry\geom
etry.sty
Package: geometry 2018/04/16 v5.8 Page Geometry

(C:\Users\alexb\scoop\apps\latex\current\texmfs\install\tex/latex/graphics\keyv
al.sty
Package: keyval 2014/10/28 v1.15 key=value parser (DPC)
\KV@toks@=\toks16
)
(C:\Users\alexb\scoop\apps\latex\current\texmfs\install\tex/generic/oberdiek\if
pdf.sty
Package: ifpdf 2018/09/07 v3.3 Provides the ifpdf switch
)
(C:\Users\alexb\scoop\apps\latex\current\texmfs\install\tex/generic/oberdiek\if
vtex.sty
Package: ifvtex 2016/05/16 v1.6 Detect VTeX and its facilities (HO)
Package ifvtex Info: VTeX not detected.
)
(C:\Users\alexb\scoop\apps\latex\current\texmfs\install\tex/generic/ifxetex\ifx
etex.sty
Package: ifxetex 2010/09/12 v0.6 Provides ifxetex conditional
)
\Gm@cnth=\count89
\Gm@cntv=\count90
\c@Gm@tempcnt=\count91
\Gm@bindingoffset=\dimen103
\Gm@wd@mp=\dimen104
\Gm@odd@mp=\dimen105
\Gm@even@mp=\dimen106
\Gm@layoutwidth=\dimen107
\Gm@layoutheight=\dimen108
\Gm@layouthoffset=\dimen109
\Gm@layoutvoffset=\dimen110
\Gm@dimlist=\toks17

(C:\Users\alexb\scoop\apps\latex\current\texmfs\install\tex/latex/geometry\geom
etry.cfg))
(C:\Users\alexb\scoop\apps\latex\current\texmfs\install\tex/latex/hyperref\hype
rref.sty
Package: hyperref 2019/06/12 v6.88h Hypertext links for LaTeX

(C:\Users\alexb\scoop\apps\latex\current\texmfs\install\tex/generic/oberdiek\ho
bsub-hyperref.sty
Package: hobsub-hyperref 2016/05/16 v1.14 Bundle oberdiek, subset hyperref (HO)


(C:\Users\alexb\scoop\apps\latex\current\texmfs\install\tex/generic/oberdiek\ho
bsub-generic.sty
Package: hobsub-generic 2016/05/16 v1.14 Bundle oberdiek, subset generic (HO)
Package: hobsub 2016/05/16 v1.14 Construct package bundles (HO)
Package: infwarerr 2016/05/16 v1.4 Providing info/warning/error messages (HO)
Package: ltxcmds 2016/05/16 v1.23 LaTeX kernel commands for general use (HO)
Package: ifluatex 2016/05/16 v1.4 Provides the ifluatex switch (HO)
Package ifluatex Info: LuaTeX not detected.
Package hobsub Info: Skipping package `ifvtex' (already loaded).
Package: intcalc 2016/05/16 v1.2 Expandable calculations with integers (HO)
Package hobsub Info: Skipping package `ifpdf' (already loaded).
Package: etexcmds 2016/05/16 v1.6 Avoid name clashes with e-TeX commands (HO)
Package: kvsetkeys 2016/05/16 v1.17 Key value parser (HO)
Package: kvdefinekeys 2016/05/16 v1.4 Define keys (HO)
Package: pdftexcmds 2019/07/25 v0.30 Utility functions of pdfTeX for LuaTeX (HO
)
Package pdftexcmds Info: LuaTeX not detected.
Package pdftexcmds Info: \pdf@primitive is available.
Package pdftexcmds Info: \pdf@ifprimitive is available.
Package pdftexcmds Info: \pdfdraftmode found.
Package: pdfescape 2016/05/16 v1.14 Implements pdfTeX's escape features (HO)
Package: bigintcalc 2016/05/16 v1.4 Expandable calculations on big integers (HO
)
Package: bitset 2016/05/16 v1.2 Handle bit-vector datatype (HO)
Package: uniquecounter 2016/05/16 v1.3 Provide unlimited unique counter (HO)
)
Package hobsub Info: Skipping package `hobsub' (already loaded).
Package: letltxmacro 2016/05/16 v1.5 Let assignment for LaTeX macros (HO)
Package: hopatch 2016/05/16 v1.3 Wrapper for package hooks (HO)
Package: xcolor-patch 2016/05/16 xcolor patch
Package: atveryend 2016/05/16 v1.9 Hooks at the very end of document (HO)
Package atveryend Info: \enddocument detected (standard20110627).
Package: atbegshi 2016/06/09 v1.18 At begin shipout hook (HO)
Package: refcount 2016/05/16 v3.5 Data extraction from label references (HO)
Package: hycolor 2016/05/16 v1.8 Color options for hyperref/bookmark (HO)
)
(C:\Users\alexb\scoop\apps\latex\current\texmfs\install\tex/latex/oberdiek\auxh
ook.sty
Package: auxhook 2016/05/16 v1.4 Hooks for auxiliary files (HO)
)
(C:\Users\alexb\scoop\apps\latex\current\texmfs\install\tex/latex/oberdiek\kvop
tions.sty
Package: kvoptions 2016/05/16 v3.12 Key value format for package options (HO)
)
\@linkdim=\dimen111
\Hy@linkcounter=\count92
\Hy@pagecounter=\count93

(C:\Users\alexb\scoop\apps\latex\current\texmfs\install\tex/latex/hyperref\pd1e
nc.def
File: pd1enc.def 2019/06/12 v6.88h Hyperref: PDFDocEncoding definition (HO)
Now handling font encoding PD1 ...
... no UTF-8 mapping file for font encoding PD1
)
\Hy@SavedSpaceFactor=\count94

(C:\Users\alexb\scoop\apps\latex\current\texmfs\install\tex/latex/00miktex\hype
rref.cfg
File: hyperref.cfg 2002/06/06 v1.2 hyperref configuration of TeXLive
)
Package hyperref Info: Hyper figures OFF on input line 4550.
Package hyperref Info: Link nesting OFF on input line 4555.
Package hyperref Info: Hyper index ON on input line 4558.
Package hyperref Info: Plain pages OFF on input line 4565.
Package hyperref Info: Backreferencing OFF on input line 4570.
Package hyperref Info: Implicit mode ON; LaTeX internals redefined.
Package hyperref Info: Bookmarks ON on input line 4803.
\c@Hy@tempcnt=\count95

(C:\Users\alexb\scoop\apps\latex\current\texmfs\install\tex/latex/url\url.sty
\Urlmuskip=\muskip10
Package: url 2013/09/16  ver 3.4  Verb mode for urls, etc.
)
LaTeX Info: Redefining \url on input line 5156.
\XeTeXLinkMargin=\dimen112
\Fld@menulength=\count96
\Field@Width=\dimen113
\Fld@charsize=\dimen114
Package hyperref Info: Hyper figures OFF on input line 6411.
Package hyperref Info: Link nesting OFF on input line 6416.
Package hyperref Info: Hyper index ON on input line 6419.
Package hyperref Info: backreferencing OFF on input line 6426.
Package hyperref Info: Link coloring OFF on input line 6431.
Package hyperref Info: Link coloring with OCG OFF on input line 6436.
Package hyperref Info: PDF/A mode OFF on input line 6441.
LaTeX Info: Redefining \ref on input line 6481.
LaTeX Info: Redefining \pageref on input line 6485.
\Hy@abspage=\count97
\c@Item=\count98
\c@Hfootnote=\count99
)
Package hyperref Info: Driver: hpdftex.

(C:\Users\alexb\scoop\apps\latex\current\texmfs\install\tex/latex/hyperref\hpdf
tex.def
File: hpdftex.def 2019/06/12 v6.88h Hyperref driver for pdfTeX
\Fld@listcount=\count100
\c@bookmark@seq@number=\count101

(C:\Users\alexb\scoop\apps\latex\current\texmfs\install\tex/latex/oberdiek\reru
nfilecheck.sty
Package: rerunfilecheck 2016/05/16 v1.8 Rerun checks for auxiliary files (HO)
Package uniquecounter Info: New unique counter `rerunfilecheck' on input line 2
82.
)
\Hy@SectionHShift=\skip43
)
(C:\Users\alexb\scoop\apps\latex\current\texmfs\install\tex/latex/amsmath\amsma
th.sty
Package: amsmath 2018/12/01 v2.17b AMS math features
\@mathmargin=\skip44

For additional information on amsmath, use the `?' option.

(C:\Users\alexb\scoop\apps\latex\current\texmfs\install\tex/latex/amsmath\amste
xt.sty
Package: amstext 2000/06/29 v2.01 AMS text

(C:\Users\alexb\scoop\apps\latex\current\texmfs\install\tex/latex/amsmath\amsge
n.sty
File: amsgen.sty 1999/11/30 v2.0 generic functions
\@emptytoks=\toks18
\ex@=\dimen115
))
(C:\Users\alexb\scoop\apps\latex\current\texmfs\install\tex/latex/amsmath\amsbs
y.sty
Package: amsbsy 1999/11/29 v1.2d Bold Symbols
\pmbraise@=\dimen116
)
(C:\Users\alexb\scoop\apps\latex\current\texmfs\install\tex/latex/amsmath\amsop
n.sty
Package: amsopn 2016/03/08 v2.02 operator names
)
\inf@bad=\count102
LaTeX Info: Redefining \frac on input line 223.
\uproot@=\count103
\leftroot@=\count104
LaTeX Info: Redefining \overline on input line 385.
\classnum@=\count105
\DOTSCASE@=\count106
LaTeX Info: Redefining \ldots on input line 482.
LaTeX Info: Redefining \dots on input line 485.
LaTeX Info: Redefining \cdots on input line 606.
\Mathstrutbox@=\box27
\strutbox@=\box28
\big@size=\dimen117
LaTeX Font Info:    Redeclaring font encoding OML on input line 729.
LaTeX Font Info:    Redeclaring font encoding OMS on input line 730.
\macc@depth=\count107
\c@MaxMatrixCols=\count108
\dotsspace@=\muskip11
\c@parentequation=\count109
\dspbrk@lvl=\count110
\tag@help=\toks19
\row@=\count111
\column@=\count112
\maxfields@=\count113
\andhelp@=\toks20
\eqnshift@=\dimen118
\alignsep@=\dimen119
\tagshift@=\dimen120
\tagwidth@=\dimen121
\totwidth@=\dimen122
\lineht@=\dimen123
\@envbody=\toks21
\multlinegap=\skip45
\multlinetaggap=\skip46
\mathdisplay@stack=\toks22
LaTeX Info: Redefining \[ on input line 2844.
LaTeX Info: Redefining \] on input line 2845.
)
(C:\Users\alexb\scoop\apps\latex\current\texmfs\install\tex/latex/amscls\amsthm
.sty
Package: amsthm 2017/10/31 v2.20.4
\thm@style=\toks23
\thm@bodyfont=\toks24
\thm@headfont=\toks25
\thm@notefont=\toks26
\thm@headpunct=\toks27
\thm@preskip=\skip47
\thm@postskip=\skip48
\thm@headsep=\skip49
\dth@everypar=\toks28
)
(C:\Users\alexb\scoop\apps\latex\current\texmfs\install\tex/latex/amsfonts\amss
ymb.sty
Package: amssymb 2013/01/14 v3.01 AMS font symbols

(C:\Users\alexb\scoop\apps\latex\current\texmfs\install\tex/latex/amsfonts\amsf
onts.sty
Package: amsfonts 2013/01/14 v3.01 Basic AMSFonts support
\symAMSa=\mathgroup4
\symAMSb=\mathgroup5
LaTeX Font Info:    Overwriting math alphabet `\mathfrak' in version `bold'
(Font)                  U/euf/m/n --> U/euf/b/n on input line 106.
))
(C:\Users\alexb\scoop\apps\latex\current\texmfs\install\tex/latex/graphics\grap
hicx.sty
Package: graphicx 2017/06/01 v1.1a Enhanced LaTeX Graphics (DPC,SPQR)

(C:\Users\alexb\scoop\apps\latex\current\texmfs\install\tex/latex/graphics\grap
hics.sty
Package: graphics 2017/06/25 v1.2c Standard LaTeX Graphics (DPC,SPQR)

(C:\Users\alexb\scoop\apps\latex\current\texmfs\install\tex/latex/graphics\trig
.sty
Package: trig 2016/01/03 v1.10 sin cos tan (DPC)
)
(C:\Users\alexb\scoop\apps\latex\current\texmfs\install\tex/latex/graphics-cfg\
graphics.cfg
File: graphics.cfg 2016/06/04 v1.11 sample graphics configuration
)
Package graphics Info: Driver file: pdftex.def on input line 99.

(C:\Users\alexb\scoop\apps\latex\current\texmfs\install\tex/latex/graphics-def\
pdftex.def
File: pdftex.def 2018/01/08 v1.0l Graphics/color driver for pdftex
))
\Gin@req@height=\dimen124
\Gin@req@width=\dimen125
)
(C:\Users\alexb\scoop\apps\latex\current\texmfs\install\tex/latex/mathtools\mat
htools.sty
Package: mathtools 2019/07/31 v1.22 mathematical typesetting tools

(C:\Users\alexb\scoop\apps\latex\current\texmfs\install\tex/latex/tools\calc.st
y
Package: calc 2017/05/25 v4.3 Infix arithmetic (KKT,FJ)
\calc@Acount=\count114
\calc@Bcount=\count115
\calc@Adimen=\dimen126
\calc@Bdimen=\dimen127
\calc@Askip=\skip50
\calc@Bskip=\skip51
LaTeX Info: Redefining \setlength on input line 80.
LaTeX Info: Redefining \addtolength on input line 81.
\calc@Ccount=\count116
\calc@Cskip=\skip52
)
(C:\Users\alexb\scoop\apps\latex\current\texmfs\install\tex/latex/mathtools\mhs
etup.sty
Package: mhsetup 2017/03/31 v1.3 programming setup (MH)
)
LaTeX Info: Thecontrolsequence`\('isalreadyrobust on input line 129.
LaTeX Info: Thecontrolsequence`\)'isalreadyrobust on input line 129.
LaTeX Info: Thecontrolsequence`\['isalreadyrobust on input line 129.
LaTeX Info: Thecontrolsequence`\]'isalreadyrobust on input line 129.
\g_MT_multlinerow_int=\count117
\l_MT_multwidth_dim=\dimen128
\origjot=\skip53
\l_MT_shortvdotswithinadjustabove_dim=\dimen129
\l_MT_shortvdotswithinadjustbelow_dim=\dimen130
\l_MT_above_intertext_sep=\dimen131
\l_MT_below_intertext_sep=\dimen132
\l_MT_above_shortintertext_sep=\dimen133
\l_MT_below_shortintertext_sep=\dimen134
)
(C:\Users\alexb\scoop\apps\latex\current\texmfs\install\tex/latex/pgf/frontendl
ayer\tikz.sty
(C:\Users\alexb\scoop\apps\latex\current\texmfs\install\tex/latex/pgf/basiclaye
r\pgf.sty
(C:\Users\alexb\scoop\apps\latex\current\texmfs\install\tex/latex/pgf/utilities
\pgfrcs.sty
(C:\Users\alexb\scoop\apps\latex\current\texmfs\install\tex/generic/pgf/utiliti
es\pgfutil-common.tex
\pgfutil@everybye=\toks29
\pgfutil@tempdima=\dimen135
\pgfutil@tempdimb=\dimen136

(C:\Users\alexb\scoop\apps\latex\current\texmfs\install\tex/generic/pgf/utiliti
es\pgfutil-common-lists.tex))
(C:\Users\alexb\scoop\apps\latex\current\texmfs\install\tex/generic/pgf/utiliti
es\pgfutil-latex.def
\pgfutil@abb=\box29

(C:\Users\alexb\scoop\apps\latex\current\texmfs\install\tex/latex/ms\everyshi.s
ty
Package: everyshi 2001/05/15 v3.00 EveryShipout Package (MS)
))
(C:\Users\alexb\scoop\apps\latex\current\texmfs\install\tex/generic/pgf/utiliti
es\pgfrcs.code.tex
(C:\Users\alexb\scoop\apps\latex\current\texmfs\install\tex/generic/pgf\pgf.rev
ision.tex)
Package: pgfrcs 2019/08/03 v3.1.4b (3.1.4b)
))
Package: pgf 2019/08/03 v3.1.4b (3.1.4b)

(C:\Users\alexb\scoop\apps\latex\current\texmfs\install\tex/latex/pgf/basiclaye
r\pgfcore.sty
(C:\Users\alexb\scoop\apps\latex\current\texmfs\install\tex/latex/pgf/systemlay
er\pgfsys.sty
(C:\Users\alexb\scoop\apps\latex\current\texmfs\install\tex/generic/pgf/systeml
ayer\pgfsys.code.tex
Package: pgfsys 2019/08/03 v3.1.4b (3.1.4b)

(C:\Users\alexb\scoop\apps\latex\current\texmfs\install\tex/generic/pgf/utiliti
es\pgfkeys.code.tex
\pgfkeys@pathtoks=\toks30
\pgfkeys@temptoks=\toks31

(C:\Users\alexb\scoop\apps\latex\current\texmfs\install\tex/generic/pgf/utiliti
es\pgfkeysfiltered.code.tex
\pgfkeys@tmptoks=\toks32
))
\pgf@x=\dimen137
\pgf@y=\dimen138
\pgf@xa=\dimen139
\pgf@ya=\dimen140
\pgf@xb=\dimen141
\pgf@yb=\dimen142
\pgf@xc=\dimen143
\pgf@yc=\dimen144
\pgf@xd=\dimen145
\pgf@yd=\dimen146
\w@pgf@writea=\write3
\r@pgf@reada=\read1
\c@pgf@counta=\count118
\c@pgf@countb=\count119
\c@pgf@countc=\count120
\c@pgf@countd=\count121
\t@pgf@toka=\toks33
\t@pgf@tokb=\toks34
\t@pgf@tokc=\toks35
\pgf@sys@id@count=\count122

(C:\Users\alexb\scoop\apps\latex\current\texmfs\install\tex/generic/pgf/systeml
ayer\pgf.cfg
File: pgf.cfg 2019/08/03 v3.1.4b (3.1.4b)
)
Driver file for pgf: pgfsys-pdftex.def

(C:\Users\alexb\scoop\apps\latex\current\texmfs\install\tex/generic/pgf/systeml
ayer\pgfsys-pdftex.def
File: pgfsys-pdftex.def 2019/08/03 v3.1.4b (3.1.4b)

(C:\Users\alexb\scoop\apps\latex\current\texmfs\install\tex/generic/pgf/systeml
ayer\pgfsys-common-pdf.def
File: pgfsys-common-pdf.def 2019/08/03 v3.1.4b (3.1.4b)
)))
(C:\Users\alexb\scoop\apps\latex\current\texmfs\install\tex/generic/pgf/systeml
ayer\pgfsyssoftpath.code.tex
File: pgfsyssoftpath.code.tex 2019/08/03 v3.1.4b (3.1.4b)
\pgfsyssoftpath@smallbuffer@items=\count123
\pgfsyssoftpath@bigbuffer@items=\count124
)
(C:\Users\alexb\scoop\apps\latex\current\texmfs\install\tex/generic/pgf/systeml
ayer\pgfsysprotocol.code.tex
File: pgfsysprotocol.code.tex 2019/08/03 v3.1.4b (3.1.4b)
))
(C:\Users\alexb\scoop\apps\latex\current\texmfs\install\tex/latex/xcolor\xcolor
.sty
Package: xcolor 2016/05/11 v2.12 LaTeX color extensions (UK)

(C:\Users\alexb\scoop\apps\latex\current\texmfs\install\tex/latex/graphics-cfg\
color.cfg
File: color.cfg 2016/01/02 v1.6 sample color configuration
)
Package xcolor Info: Driver file: pdftex.def on input line 225.
Package xcolor Info: Model `cmy' substituted by `cmy0' on input line 1348.
Package xcolor Info: Model `hsb' substituted by `rgb' on input line 1352.
Package xcolor Info: Model `RGB' extended on input line 1364.
Package xcolor Info: Model `HTML' substituted by `rgb' on input line 1366.
Package xcolor Info: Model `Hsb' substituted by `hsb' on input line 1367.
Package xcolor Info: Model `tHsb' substituted by `hsb' on input line 1368.
Package xcolor Info: Model `HSB' substituted by `hsb' on input line 1369.
Package xcolor Info: Model `Gray' substituted by `gray' on input line 1370.
Package xcolor Info: Model `wave' substituted by `hsb' on input line 1371.
)
(C:\Users\alexb\scoop\apps\latex\current\texmfs\install\tex/generic/pgf/basicla
yer\pgfcore.code.tex
Package: pgfcore 2019/08/03 v3.1.4b (3.1.4b)

(C:\Users\alexb\scoop\apps\latex\current\texmfs\install\tex/generic/pgf/math\pg
fmath.code.tex
(C:\Users\alexb\scoop\apps\latex\current\texmfs\install\tex/generic/pgf/math\pg
fmathcalc.code.tex
(C:\Users\alexb\scoop\apps\latex\current\texmfs\install\tex/generic/pgf/math\pg
fmathutil.code.tex)
(C:\Users\alexb\scoop\apps\latex\current\texmfs\install\tex/generic/pgf/math\pg
fmathparser.code.tex
\pgfmath@dimen=\dimen147
\pgfmath@count=\count125
\pgfmath@box=\box30
\pgfmath@toks=\toks36
\pgfmath@stack@operand=\toks37
\pgfmath@stack@operation=\toks38
)
(C:\Users\alexb\scoop\apps\latex\current\texmfs\install\tex/generic/pgf/math\pg
fmathfunctions.code.tex
(C:\Users\alexb\scoop\apps\latex\current\texmfs\install\tex/generic/pgf/math\pg
fmathfunctions.basic.code.tex)
(C:\Users\alexb\scoop\apps\latex\current\texmfs\install\tex/generic/pgf/math\pg
fmathfunctions.trigonometric.code.tex)
(C:\Users\alexb\scoop\apps\latex\current\texmfs\install\tex/generic/pgf/math\pg
fmathfunctions.random.code.tex)
(C:\Users\alexb\scoop\apps\latex\current\texmfs\install\tex/generic/pgf/math\pg
fmathfunctions.comparison.code.tex)
(C:\Users\alexb\scoop\apps\latex\current\texmfs\install\tex/generic/pgf/math\pg
fmathfunctions.base.code.tex)
(C:\Users\alexb\scoop\apps\latex\current\texmfs\install\tex/generic/pgf/math\pg
fmathfunctions.round.code.tex)
(C:\Users\alexb\scoop\apps\latex\current\texmfs\install\tex/generic/pgf/math\pg
fmathfunctions.misc.code.tex)
(C:\Users\alexb\scoop\apps\latex\current\texmfs\install\tex/generic/pgf/math\pg
fmathfunctions.integerarithmetics.code.tex)))
(C:\Users\alexb\scoop\apps\latex\current\texmfs\install\tex/generic/pgf/math\pg
fmathfloat.code.tex
\c@pgfmathroundto@lastzeros=\count126
))
(C:\Users\alexb\scoop\apps\latex\current\texmfs\install\tex/generic/pgf/math\pg
fint.code.tex)
(C:\Users\alexb\scoop\apps\latex\current\texmfs\install\tex/generic/pgf/basicla
yer\pgfcorepoints.code.tex
File: pgfcorepoints.code.tex 2019/08/03 v3.1.4b (3.1.4b)
\pgf@picminx=\dimen148
\pgf@picmaxx=\dimen149
\pgf@picminy=\dimen150
\pgf@picmaxy=\dimen151
\pgf@pathminx=\dimen152
\pgf@pathmaxx=\dimen153
\pgf@pathminy=\dimen154
\pgf@pathmaxy=\dimen155
\pgf@xx=\dimen156
\pgf@xy=\dimen157
\pgf@yx=\dimen158
\pgf@yy=\dimen159
\pgf@zx=\dimen160
\pgf@zy=\dimen161
)
(C:\Users\alexb\scoop\apps\latex\current\texmfs\install\tex/generic/pgf/basicla
yer\pgfcorepathconstruct.code.tex
File: pgfcorepathconstruct.code.tex 2019/08/03 v3.1.4b (3.1.4b)
\pgf@path@lastx=\dimen162
\pgf@path@lasty=\dimen163
)
(C:\Users\alexb\scoop\apps\latex\current\texmfs\install\tex/generic/pgf/basicla
yer\pgfcorepathusage.code.tex
File: pgfcorepathusage.code.tex 2019/08/03 v3.1.4b (3.1.4b)
\pgf@shorten@end@additional=\dimen164
\pgf@shorten@start@additional=\dimen165
)
(C:\Users\alexb\scoop\apps\latex\current\texmfs\install\tex/generic/pgf/basicla
yer\pgfcorescopes.code.tex
File: pgfcorescopes.code.tex 2019/08/03 v3.1.4b (3.1.4b)
\pgfpic=\box31
\pgf@hbox=\box32
\pgf@layerbox@main=\box33
\pgf@picture@serial@count=\count127
)
(C:\Users\alexb\scoop\apps\latex\current\texmfs\install\tex/generic/pgf/basicla
yer\pgfcoregraphicstate.code.tex
File: pgfcoregraphicstate.code.tex 2019/08/03 v3.1.4b (3.1.4b)
\pgflinewidth=\dimen166
)
(C:\Users\alexb\scoop\apps\latex\current\texmfs\install\tex/generic/pgf/basicla
yer\pgfcoretransformations.code.tex
File: pgfcoretransformations.code.tex 2019/08/03 v3.1.4b (3.1.4b)
\pgf@pt@x=\dimen167
\pgf@pt@y=\dimen168
\pgf@pt@temp=\dimen169
)
(C:\Users\alexb\scoop\apps\latex\current\texmfs\install\tex/generic/pgf/basicla
yer\pgfcorequick.code.tex
File: pgfcorequick.code.tex 2019/08/03 v3.1.4b (3.1.4b)
)
(C:\Users\alexb\scoop\apps\latex\current\texmfs\install\tex/generic/pgf/basicla
yer\pgfcoreobjects.code.tex
File: pgfcoreobjects.code.tex 2019/08/03 v3.1.4b (3.1.4b)
)
(C:\Users\alexb\scoop\apps\latex\current\texmfs\install\tex/generic/pgf/basicla
yer\pgfcorepathprocessing.code.tex
File: pgfcorepathprocessing.code.tex 2019/08/03 v3.1.4b (3.1.4b)
)
(C:\Users\alexb\scoop\apps\latex\current\texmfs\install\tex/generic/pgf/basicla
yer\pgfcorearrows.code.tex
File: pgfcorearrows.code.tex 2019/08/03 v3.1.4b (3.1.4b)
\pgfarrowsep=\dimen170
)
(C:\Users\alexb\scoop\apps\latex\current\texmfs\install\tex/generic/pgf/basicla
yer\pgfcoreshade.code.tex
File: pgfcoreshade.code.tex 2019/08/03 v3.1.4b (3.1.4b)
\pgf@max=\dimen171
\pgf@sys@shading@range@num=\count128
\pgf@shadingcount=\count129
)
(C:\Users\alexb\scoop\apps\latex\current\texmfs\install\tex/generic/pgf/basicla
yer\pgfcoreimage.code.tex
File: pgfcoreimage.code.tex 2019/08/03 v3.1.4b (3.1.4b)

(C:\Users\alexb\scoop\apps\latex\current\texmfs\install\tex/generic/pgf/basicla
yer\pgfcoreexternal.code.tex
File: pgfcoreexternal.code.tex 2019/08/03 v3.1.4b (3.1.4b)
\pgfexternal@startupbox=\box34
))
(C:\Users\alexb\scoop\apps\latex\current\texmfs\install\tex/generic/pgf/basicla
yer\pgfcorelayers.code.tex
File: pgfcorelayers.code.tex 2019/08/03 v3.1.4b (3.1.4b)
)
(C:\Users\alexb\scoop\apps\latex\current\texmfs\install\tex/generic/pgf/basicla
yer\pgfcoretransparency.code.tex
File: pgfcoretransparency.code.tex 2019/08/03 v3.1.4b (3.1.4b)
)
(C:\Users\alexb\scoop\apps\latex\current\texmfs\install\tex/generic/pgf/basicla
yer\pgfcorepatterns.code.tex
File: pgfcorepatterns.code.tex 2019/08/03 v3.1.4b (3.1.4b)
)
(C:\Users\alexb\scoop\apps\latex\current\texmfs\install\tex/generic/pgf/basicla
yer\pgfcorerdf.code.tex
File: pgfcorerdf.code.tex 2019/08/03 v3.1.4b (3.1.4b)
)))
(C:\Users\alexb\scoop\apps\latex\current\texmfs\install\tex/generic/pgf/modules
\pgfmoduleshapes.code.tex
File: pgfmoduleshapes.code.tex 2019/08/03 v3.1.4b (3.1.4b)
\pgfnodeparttextbox=\box35
)
(C:\Users\alexb\scoop\apps\latex\current\texmfs\install\tex/generic/pgf/modules
\pgfmoduleplot.code.tex
File: pgfmoduleplot.code.tex 2019/08/03 v3.1.4b (3.1.4b)
)
(C:\Users\alexb\scoop\apps\latex\current\texmfs\install\tex/latex/pgf/compatibi
lity\pgfcomp-version-0-65.sty
Package: pgfcomp-version-0-65 2019/08/03 v3.1.4b (3.1.4b)
\pgf@nodesepstart=\dimen172
\pgf@nodesepend=\dimen173
)
(C:\Users\alexb\scoop\apps\latex\current\texmfs\install\tex/latex/pgf/compatibi
lity\pgfcomp-version-1-18.sty
Package: pgfcomp-version-1-18 2019/08/03 v3.1.4b (3.1.4b)
))
(C:\Users\alexb\scoop\apps\latex\current\texmfs\install\tex/latex/pgf/utilities
\pgffor.sty
(C:\Users\alexb\scoop\apps\latex\current\texmfs\install\tex/latex/pgf/utilities
\pgfkeys.sty
(C:\Users\alexb\scoop\apps\latex\current\texmfs\install\tex/generic/pgf/utiliti
es\pgfkeys.code.tex))
(C:\Users\alexb\scoop\apps\latex\current\texmfs\install\tex/latex/pgf/math\pgfm
ath.sty
(C:\Users\alexb\scoop\apps\latex\current\texmfs\install\tex/generic/pgf/math\pg
fmath.code.tex))
(C:\Users\alexb\scoop\apps\latex\current\texmfs\install\tex/generic/pgf/utiliti
es\pgffor.code.tex
Package: pgffor 2019/08/03 v3.1.4b (3.1.4b)

(C:\Users\alexb\scoop\apps\latex\current\texmfs\install\tex/generic/pgf/math\pg
fmath.code.tex)
\pgffor@iter=\dimen174
\pgffor@skip=\dimen175
\pgffor@stack=\toks39
\pgffor@toks=\toks40
))
(C:\Users\alexb\scoop\apps\latex\current\texmfs\install\tex/generic/pgf/fronten
dlayer/tikz\tikz.code.tex
Package: tikz 2019/08/03 v3.1.4b (3.1.4b)

(C:\Users\alexb\scoop\apps\latex\current\texmfs\install\tex/generic/pgf/librari
es\pgflibraryplothandlers.code.tex
File: pgflibraryplothandlers.code.tex 2019/08/03 v3.1.4b (3.1.4b)
\pgf@plot@mark@count=\count130
\pgfplotmarksize=\dimen176
)
\tikz@lastx=\dimen177
\tikz@lasty=\dimen178
\tikz@lastxsaved=\dimen179
\tikz@lastysaved=\dimen180
\tikz@lastmovetox=\dimen181
\tikz@lastmovetoy=\dimen182
\tikzleveldistance=\dimen183
\tikzsiblingdistance=\dimen184
\tikz@figbox=\box36
\tikz@figbox@bg=\box37
\tikz@tempbox=\box38
\tikz@tempbox@bg=\box39
\tikztreelevel=\count131
\tikznumberofchildren=\count132
\tikznumberofcurrentchild=\count133
\tikz@fig@count=\count134

(C:\Users\alexb\scoop\apps\latex\current\texmfs\install\tex/generic/pgf/modules
\pgfmodulematrix.code.tex
File: pgfmodulematrix.code.tex 2019/08/03 v3.1.4b (3.1.4b)
\pgfmatrixcurrentrow=\count135
\pgfmatrixcurrentcolumn=\count136
\pgf@matrix@numberofcolumns=\count137
)
\tikz@expandcount=\count138

(C:\Users\alexb\scoop\apps\latex\current\texmfs\install\tex/generic/pgf/fronten
dlayer/tikz/libraries\tikzlibrarytopaths.code.tex
File: tikzlibrarytopaths.code.tex 2019/08/03 v3.1.4b (3.1.4b)
)))
(C:\Users\alexb\scoop\apps\latex\current\texmfs\install\tex/latex/tools\enumera
te.sty
Package: enumerate 2015/07/23 v3.00 enumerate extensions (DPC)
\@enLab=\toks41
)
(C:\Users\alexb\scoop\apps\latex\current\texmfs\install\tex/latex/was\upgreek.s
ty
Package: upgreek 2003/02/12 v2.0 (WaS)
Package upgreek Info: Using Euler Roman for upright Greek on input line 31.
\symugrf@m=\mathgroup6
LaTeX Font Info:    Overwriting symbol font `ugrf@m' in version `bold'
(Font)                  U/eur/m/n --> U/eur/b/n on input line 38.
)
(C:\Users\alexb\scoop\apps\latex\current\texmfs\install\tex/latex/mdframed\mdfr
amed.sty
Package: mdframed 2013/07/01 1.9b: mdframed

(C:\Users\alexb\scoop\apps\latex\current\texmfs\install\tex/latex/l3packages/xp
arse\xparse.sty
(C:\Users\alexb\scoop\apps\latex\current\texmfs\install\tex/latex/l3kernel\expl
3.sty
Package: expl3 2019-09-19 L3 programming layer (loader) 

(C:\Users\alexb\scoop\apps\latex\current\texmfs\install\tex/latex/l3kernel\expl
3-code.tex
Package: expl3 2019-09-19 L3 programming layer (code)
\c_max_int=\count139
\l_tmpa_int=\count140
\l_tmpb_int=\count141
\g_tmpa_int=\count142
\g_tmpb_int=\count143
\g__kernel_prg_map_int=\count144
\c__ior_term_noprompt_ior=\count145
\c_log_iow=\count146
\l_iow_line_count_int=\count147
\l__iow_line_target_int=\count148
\l__iow_one_indent_int=\count149
\l__iow_indent_int=\count150
\c_zero_dim=\dimen185
\c_max_dim=\dimen186
\l_tmpa_dim=\dimen187
\l_tmpb_dim=\dimen188
\g_tmpa_dim=\dimen189
\g_tmpb_dim=\dimen190
\c_zero_skip=\skip54
\c_max_skip=\skip55
\l_tmpa_skip=\skip56
\l_tmpb_skip=\skip57
\g_tmpa_skip=\skip58
\g_tmpb_skip=\skip59
\c_zero_muskip=\muskip12
\c_max_muskip=\muskip13
\l_tmpa_muskip=\muskip14
\l_tmpb_muskip=\muskip15
\g_tmpa_muskip=\muskip16
\g_tmpb_muskip=\muskip17
\l_keys_choice_int=\count151
\l__intarray_loop_int=\count152
\c__intarray_sp_dim=\dimen191
\g__intarray_font_int=\count153
\c__fp_leading_shift_int=\count154
\c__fp_middle_shift_int=\count155
\c__fp_trailing_shift_int=\count156
\c__fp_big_leading_shift_int=\count157
\c__fp_big_middle_shift_int=\count158
\c__fp_big_trailing_shift_int=\count159
\c__fp_Bigg_leading_shift_int=\count160
\c__fp_Bigg_middle_shift_int=\count161
\c__fp_Bigg_trailing_shift_int=\count162
\c__kernel_randint_max_int=\count163
\g__fp_array_int=\count164
\l__fp_array_loop_int=\count165
\l__sort_length_int=\count166
\l__sort_min_int=\count167
\l__sort_top_int=\count168
\l__sort_max_int=\count169
\l__sort_true_max_int=\count170
\l__sort_block_int=\count171
\l__sort_begin_int=\count172
\l__sort_end_int=\count173
\l__sort_A_int=\count174
\l__sort_B_int=\count175
\l__sort_C_int=\count176
\l__str_internal_int=\count177
\c__str_replacement_char_int=\count178
\l__tl_analysis_normal_int=\count179
\l__tl_analysis_index_int=\count180
\l__tl_analysis_nesting_int=\count181
\l__tl_analysis_type_int=\count182
\l__regex_internal_a_int=\count183
\l__regex_internal_b_int=\count184
\l__regex_internal_c_int=\count185
\l__regex_balance_int=\count186
\l__regex_group_level_int=\count187
\l__regex_mode_int=\count188
\c__regex_cs_in_class_mode_int=\count189
\c__regex_cs_mode_int=\count190
\l__regex_catcodes_int=\count191
\l__regex_default_catcodes_int=\count192
\c__regex_catcode_D_int=\count193
\c__regex_catcode_S_int=\count194
\c__regex_catcode_L_int=\count195
\c__regex_catcode_O_int=\count196
\c__regex_catcode_A_int=\count197
\c__regex_all_catcodes_int=\count198
\l__regex_show_lines_int=\count199
\l__regex_min_state_int=\count266
\l__regex_max_state_int=\count267
\l__regex_left_state_int=\count268
\l__regex_right_state_int=\count269
\l__regex_capturing_group_int=\count270
\l__regex_min_pos_int=\count271
\l__regex_max_pos_int=\count272
\l__regex_curr_pos_int=\count273
\l__regex_start_pos_int=\count274
\l__regex_success_pos_int=\count275
\l__regex_curr_char_int=\count276
\l__regex_curr_catcode_int=\count277
\l__regex_last_char_int=\count278
\l__regex_case_changed_char_int=\count279
\l__regex_curr_state_int=\count280
\l__regex_step_int=\count281
\l__regex_min_active_int=\count282
\l__regex_max_active_int=\count283
\l__regex_replacement_csnames_int=\count284
\l__regex_match_count_int=\count285
\l__regex_min_submatch_int=\count286
\l__regex_submatch_int=\count287
\l__regex_zeroth_submatch_int=\count288
\g__regex_trace_regex_int=\count289
\c_empty_box=\box40
\l_tmpa_box=\box41
\l_tmpb_box=\box42
\g_tmpa_box=\box43
\g_tmpb_box=\box44
\l__box_top_dim=\dimen192
\l__box_bottom_dim=\dimen193
\l__box_left_dim=\dimen194
\l__box_right_dim=\dimen195
\l__box_top_new_dim=\dimen196
\l__box_bottom_new_dim=\dimen197
\l__box_left_new_dim=\dimen198
\l__box_right_new_dim=\dimen199
\l__box_internal_box=\box45
\l__coffin_internal_box=\box46
\l__coffin_internal_dim=\dimen256
\l__coffin_offset_x_dim=\dimen257
\l__coffin_offset_y_dim=\dimen258
\l__coffin_x_dim=\dimen259
\l__coffin_y_dim=\dimen260
\l__coffin_x_prime_dim=\dimen261
\l__coffin_y_prime_dim=\dimen262
\c_empty_coffin=\box47
\l__coffin_aligned_coffin=\box48
\l__coffin_aligned_internal_coffin=\box49
\l_tmpa_coffin=\box50
\l_tmpb_coffin=\box51
\g_tmpa_coffin=\box52
\g_tmpb_coffin=\box53
\l__coffin_bounding_shift_dim=\dimen263
\l__coffin_left_corner_dim=\dimen264
\l__coffin_right_corner_dim=\dimen265
\l__coffin_bottom_corner_dim=\dimen266
\l__coffin_top_corner_dim=\dimen267
\l__coffin_scaled_total_height_dim=\dimen268
\l__coffin_scaled_width_dim=\dimen269
\c__coffin_empty_coffin=\box54
\l__coffin_display_coffin=\box55
\l__coffin_display_coord_coffin=\box56
\l__coffin_display_pole_coffin=\box57
\l__coffin_display_offset_dim=\dimen270
\l__coffin_display_x_dim=\dimen271
\l__coffin_display_y_dim=\dimen272
\g__char_data_ior=\read2
\l__seq_internal_a_int=\count290
\l__seq_internal_b_int=\count291
)
(C:\Users\alexb\scoop\apps\latex\current\texmfs\install\tex/latex/l3backend\l3b
ackend-pdfmode.def
File: l3backend-pdfmode.def 2019-04-06 v L3 backend support: PDF mode
\l__kernel_color_stack_int=\count292
\l__pdf_internal_box=\box58
))
Package: xparse 2019-05-28 L3 Experimental document command parser
\l__xparse_current_arg_int=\count293
\g__xparse_grabber_int=\count294
\l__xparse_m_args_int=\count295
\l__xparse_v_nesting_int=\count296
)
(C:\Users\alexb\scoop\apps\latex\current\texmfs\install\tex/latex/etoolbox\etoo
lbox.sty
Package: etoolbox 2019/09/09 v2.5g e-TeX tools for LaTeX (JAW)
\etb@tempcnta=\count297
)
(C:\Users\alexb\scoop\apps\latex\current\texmfs\install\tex/latex/oberdiek\zref
-abspage.sty
Package: zref-abspage 2018/11/21 v2.27 Module abspage for zref (HO)

(C:\Users\alexb\scoop\apps\latex\current\texmfs\install\tex/latex/oberdiek\zref
-base.sty
Package: zref-base 2018/11/21 v2.27 Module base for zref (HO)
Package zref Info: New property list: main on input line 759.
Package zref Info: New property: default on input line 760.
Package zref Info: New property: page on input line 761.
)
\c@abspage=\count298
Package zref Info: New property: abspage on input line 62.
)
(C:\Users\alexb\scoop\apps\latex\current\texmfs\install\tex/latex/needspace\nee
dspace.sty
Package: needspace 2010/09/12 v1.3d reserve vertical space
)
\mdf@templength=\skip60
\c@mdf@globalstyle@cnt=\count299
\mdf@skipabove@length=\skip61
\mdf@skipbelow@length=\skip62
\mdf@leftmargin@length=\skip63
\mdf@rightmargin@length=\skip64
\mdf@innerleftmargin@length=\skip65
\mdf@innerrightmargin@length=\skip66
\mdf@innertopmargin@length=\skip67
\mdf@innerbottommargin@length=\skip68
\mdf@splittopskip@length=\skip69
\mdf@splitbottomskip@length=\skip70
\mdf@outermargin@length=\skip71
\mdf@innermargin@length=\skip72
\mdf@linewidth@length=\skip73
\mdf@innerlinewidth@length=\skip74
\mdf@middlelinewidth@length=\skip75
\mdf@outerlinewidth@length=\skip76
\mdf@roundcorner@length=\skip77
\mdf@footenotedistance@length=\skip78
\mdf@userdefinedwidth@length=\skip79
\mdf@needspace@length=\skip80
\mdf@frametitleaboveskip@length=\skip81
\mdf@frametitlebelowskip@length=\skip82
\mdf@frametitlerulewidth@length=\skip83
\mdf@frametitleleftmargin@length=\skip84
\mdf@frametitlerightmargin@length=\skip85
\mdf@shadowsize@length=\skip86
\mdf@extratopheight@length=\skip87
\mdf@subtitleabovelinewidth@length=\skip88
\mdf@subtitlebelowlinewidth@length=\skip89
\mdf@subtitleaboveskip@length=\skip90
\mdf@subtitlebelowskip@length=\skip91
\mdf@subtitleinneraboveskip@length=\skip92
\mdf@subtitleinnerbelowskip@length=\skip93
\mdf@subsubtitleabovelinewidth@length=\skip94
\mdf@subsubtitlebelowlinewidth@length=\skip95
\mdf@subsubtitleaboveskip@length=\skip96
\mdf@subsubtitlebelowskip@length=\skip97
\mdf@subsubtitleinneraboveskip@length=\skip98
\mdf@subsubtitleinnerbelowskip@length=\skip99

(C:\Users\alexb\scoop\apps\latex\current\texmfs\install\tex/latex/mdframed\md-f
rame-0.mdf
File: md-frame-0.mdf 2013/07/01\ 1.9b: md-frame-0
)
\mdf@frametitlebox=\box59
\mdf@footnotebox=\box60
\mdf@splitbox@one=\box61
\mdf@splitbox@two=\box62
\mdf@splitbox@save=\box63
\mdfsplitboxwidth=\skip100
\mdfsplitboxtotalwidth=\skip101
\mdfsplitboxheight=\skip102
\mdfsplitboxdepth=\skip103
\mdfsplitboxtotalheight=\skip104
\mdfframetitleboxwidth=\skip105
\mdfframetitleboxtotalwidth=\skip106
\mdfframetitleboxheight=\skip107
\mdfframetitleboxdepth=\skip108
\mdfframetitleboxtotalheight=\skip109
\mdffootnoteboxwidth=\skip110
\mdffootnoteboxtotalwidth=\skip111
\mdffootnoteboxheight=\skip112
\mdffootnoteboxdepth=\skip113
\mdffootnoteboxtotalheight=\skip114
\mdftotallinewidth=\skip115
\mdfboundingboxwidth=\skip116
\mdfboundingboxtotalwidth=\skip117
\mdfboundingboxheight=\skip118
\mdfboundingboxdepth=\skip119
\mdfboundingboxtotalheight=\skip120
\mdf@freevspace@length=\skip121
\mdf@horizontalwidthofbox@length=\skip122
\mdf@verticalmarginwhole@length=\skip123
\mdf@horizontalspaceofbox=\skip124
\mdfsubtitleheight=\skip125
\mdfsubsubtitleheight=\skip126
\c@mdfcountframes=\count300

****** mdframed patching \endmdf@trivlist

****** -- success******

\mdf@envdepth=\count301
\c@mdf@env@i=\count302
\c@mdf@env@ii=\count303
\c@mdf@zref@counter=\count304
Package zref Info: New property: mdf@pagevalue on input line 895.
)
(C:\Users\alexb\scoop\apps\latex\current\texmfs\install\tex/latex/cleveref\clev
eref.sty
Package: cleveref 2018/03/27 v0.21.4 Intelligent cross-referencing
Package cleveref Info: `hyperref' support loaded on input line 2370.
LaTeX Info: Redefining \cref on input line 2370.
LaTeX Info: Redefining \Cref on input line 2370.
LaTeX Info: Redefining \crefrange on input line 2370.
LaTeX Info: Redefining \Crefrange on input line 2370.
LaTeX Info: Redefining \cpageref on input line 2370.
LaTeX Info: Redefining \Cpageref on input line 2370.
LaTeX Info: Redefining \cpagerefrange on input line 2370.
LaTeX Info: Redefining \Cpagerefrange on input line 2370.
LaTeX Info: Redefining \labelcref on input line 2370.
LaTeX Info: Redefining \labelcpageref on input line 2370.
Package cleveref Info: `amsthm' support loaded on input line 3026.
)
(C:\Users\alexb\scoop\apps\latex\current\texmfs\install\tex/latex/cancel\cancel
.sty
Package: cancel 2013/04/12 v2.2 Cancel math terms
)
(C:\Users\alexb\scoop\apps\latex\current\texmfs\install\tex/latex/stackengine\s
tackengine.sty
Package: stackengine 2017/02/13 v4.01\ Stacking text and objects in convenient 
ways

(C:\Users\alexb\scoop\apps\latex\current\texmfs\install\tex/latex/listofitems\l
istofitems.sty
(C:\Users\alexb\scoop\apps\latex\current\texmfs\install\tex/generic/listofitems
\listofitems.tex
\loi_cnt_foreach_nest=\count305
\loi_nestcnt=\count306
)
Package: listofitems 2019/08/21 v1.63 Grab items in lists using user-specified 
sep char (CT)
)
\c@@stackindex=\count307
\@boxshift=\skip127
\stack@tmplength=\skip128
\temp@stkl=\skip129
\@stackedboxwidth=\skip130
\@addedbox=\box64
\@anchorbox=\box65
\stackedbox=\box66
\@centerbox=\box67
\c@ROWcellindex@=\count308
)
(C:\Users\alexb\scoop\apps\latex\current\texmfs\install\tex/latex/pgfplots\pgfp
lots.sty
(C:\Users\alexb\scoop\apps\latex\current\texmfs\install\tex/generic/pgfplots\pg
fplots.revision.tex)
Package: pgfplots 2018/03/28 v1.16 Data Visualization (1.16)

(C:\Users\alexb\scoop\apps\latex\current\texmfs\install\tex/generic/pgfplots\pg
fplots.code.tex
(C:\Users\alexb\scoop\apps\latex\current\texmfs\install\tex/generic/pgfplots\pg
fplotscore.code.tex
\t@pgfplots@toka=\toks42
\t@pgfplots@tokb=\toks43
\t@pgfplots@tokc=\toks44
\pgfplots@tmpa=\dimen273
\c@pgfplots@coordindex=\count309
\c@pgfplots@scanlineindex=\count310

(C:\Users\alexb\scoop\apps\latex\current\texmfs\install\tex/generic/pgfplots/sy
s\pgfplotssysgeneric.code.tex))
(C:\Users\alexb\scoop\apps\latex\current\texmfs\install\tex/generic/pgfplots/li
bs\pgfplotslibrary.code.tex)
(C:\Users\alexb\scoop\apps\latex\current\texmfs\install\tex/generic/pgfplots/ol
dpgfcompatib\pgfplotsoldpgfsupp_loader.code.tex
(C:\Users\alexb\scoop\apps\latex\current\texmfs\install\tex/generic/pgf/librari
es\pgflibraryfpu.code.tex))
(C:\Users\alexb\scoop\apps\latex\current\texmfs\install\tex/generic/pgfplots/ut
il\pgfplotsutil.code.tex
(C:\Users\alexb\scoop\apps\latex\current\texmfs\install\tex/generic/pgfplots/li
ststructure\pgfplotsliststructure.code.tex)
(C:\Users\alexb\scoop\apps\latex\current\texmfs\install\tex/generic/pgfplots/li
ststructure\pgfplotsliststructureext.code.tex)
(C:\Users\alexb\scoop\apps\latex\current\texmfs\install\tex/generic/pgfplots/li
ststructure\pgfplotsarray.code.tex
\c@pgfplotsarray@tmp=\count311
)
(C:\Users\alexb\scoop\apps\latex\current\texmfs\install\tex/generic/pgfplots/li
ststructure\pgfplotsmatrix.code.tex)
(C:\Users\alexb\scoop\apps\latex\current\texmfs\install\tex/generic/pgfplots/nu
mtable\pgfplotstableshared.code.tex
\c@pgfplotstable@counta=\count312
\t@pgfplotstable@a=\toks45
)
(C:\Users\alexb\scoop\apps\latex\current\texmfs\install\tex/generic/pgfplots/li
ststructure\pgfplotsdeque.code.tex)
(C:\Users\alexb\scoop\apps\latex\current\texmfs\install\tex/generic/pgfplots/ut
il\pgfplotsbinary.code.tex
(C:\Users\alexb\scoop\apps\latex\current\texmfs\install\tex/generic/pgfplots/ut
il\pgfplotsbinary.data.code.tex))
(C:\Users\alexb\scoop\apps\latex\current\texmfs\install\tex/generic/pgfplots/ut
il\pgfplotsutil.verb.code.tex)
(C:\Users\alexb\scoop\apps\latex\current\texmfs\install\tex/generic/pgfplots/li
bs\pgflibrarypgfplots.surfshading.code.tex
\c@pgfplotslibrarysurf@no=\count313

(C:\Users\alexb\scoop\apps\latex\current\texmfs\install\tex/generic/pgfplots/sy
s\pgflibrarypgfplots.surfshading.pgfsys-pdftex.def)))
(C:\Users\alexb\scoop\apps\latex\current\texmfs\install\tex/generic/pgfplots/ut
il\pgfplotscolormap.code.tex
(C:\Users\alexb\scoop\apps\latex\current\texmfs\install\tex/generic/pgfplots/ut
il\pgfplotscolor.code.tex))
(C:\Users\alexb\scoop\apps\latex\current\texmfs\install\tex/generic/pgfplots\pg
fplotsstackedplots.code.tex)
(C:\Users\alexb\scoop\apps\latex\current\texmfs\install\tex/generic/pgfplots\pg
fplotsplothandlers.code.tex
(C:\Users\alexb\scoop\apps\latex\current\texmfs\install\tex/generic/pgfplots\pg
fplotsmeshplothandler.code.tex
(C:\Users\alexb\scoop\apps\latex\current\texmfs\install\tex/generic/pgfplots\pg
fplotsmeshplotimage.code.tex)))
(C:\Users\alexb\scoop\apps\latex\current\texmfs\install\tex/generic/pgfplots\pg
fplots.scaling.code.tex)
(C:\Users\alexb\scoop\apps\latex\current\texmfs\install\tex/generic/pgfplots\pg
fplotscoordprocessing.code.tex)
(C:\Users\alexb\scoop\apps\latex\current\texmfs\install\tex/generic/pgfplots\pg
fplots.errorbars.code.tex)
(C:\Users\alexb\scoop\apps\latex\current\texmfs\install\tex/generic/pgfplots\pg
fplots.markers.code.tex)
(C:\Users\alexb\scoop\apps\latex\current\texmfs\install\tex/generic/pgfplots\pg
fplotsticks.code.tex)
(C:\Users\alexb\scoop\apps\latex\current\texmfs\install\tex/generic/pgfplots\pg
fplots.paths.code.tex)
(C:\Users\alexb\scoop\apps\latex\current\texmfs\install\tex/generic/pgf/fronten
dlayer/tikz/libraries\tikzlibrarydecorations.code.tex
(C:\Users\alexb\scoop\apps\latex\current\texmfs\install\tex/generic/pgf/modules
\pgfmoduledecorations.code.tex
\pgfdecoratedcompleteddistance=\dimen274
\pgfdecoratedremainingdistance=\dimen275
\pgfdecoratedinputsegmentcompleteddistance=\dimen276
\pgfdecoratedinputsegmentremainingdistance=\dimen277
\pgf@decorate@distancetomove=\dimen278
\pgf@decorate@repeatstate=\count314
\pgfdecorationsegmentamplitude=\dimen279
\pgfdecorationsegmentlength=\dimen280
)
\tikz@lib@dec@box=\box68
)
(C:\Users\alexb\scoop\apps\latex\current\texmfs\install\tex/generic/pgf/fronten
dlayer/tikz/libraries\tikzlibrarydecorations.pathmorphing.code.tex
(C:\Users\alexb\scoop\apps\latex\current\texmfs\install\tex/generic/pgf/librari
es/decorations\pgflibrarydecorations.pathmorphing.code.tex))
(C:\Users\alexb\scoop\apps\latex\current\texmfs\install\tex/generic/pgf/fronten
dlayer/tikz/libraries\tikzlibrarydecorations.pathreplacing.code.tex
(C:\Users\alexb\scoop\apps\latex\current\texmfs\install\tex/generic/pgf/librari
es/decorations\pgflibrarydecorations.pathreplacing.code.tex))
\pgfplots@numplots=\count315
\pgfplots@xmin@reg=\dimen281
\pgfplots@xmax@reg=\dimen282
\pgfplots@ymin@reg=\dimen283
\pgfplots@ymax@reg=\dimen284
\pgfplots@zmin@reg=\dimen285
\pgfplots@zmax@reg=\dimen286
)
(C:\Users\alexb\scoop\apps\latex\current\texmfs\install\tex/generic/pgf/fronten
dlayer/tikz/libraries\tikzlibraryplotmarks.code.tex
File: tikzlibraryplotmarks.code.tex 2019/08/03 v3.1.4b (3.1.4b)

(C:\Users\alexb\scoop\apps\latex\current\texmfs\install\tex/generic/pgf/librari
es\pgflibraryplotmarks.code.tex
File: pgflibraryplotmarks.code.tex 2019/08/03 v3.1.4b (3.1.4b)
)))
(C:\Users\alexb\scoop\apps\latex\current\texmfs\install\tex/latex/jknappen\math
rsfs.sty
Package: mathrsfs 1996/01/01 Math RSFS package v1.0 (jk)
\symrsfs=\mathgroup7
)
(C:\Users\alexb\scoop\apps\latex\current\texmfs\install\tex/latex/thmtools\thmt
ools.sty
Package: thmtools 2019/07/31 v67
\thmt@toks=\toks46
\c@thmt@dummyctr=\count316

(C:\Users\alexb\scoop\apps\latex\current\texmfs\install\tex/latex/thmtools\thm-
patch.sty
Package: thm-patch 2019/07/31 v67

(C:\Users\alexb\scoop\apps\latex\current\texmfs\install\tex/latex/thmtools\pars
eargs.sty
Package: parseargs 2019/07/31 v67
\@parsespec=\toks47
))
(C:\Users\alexb\scoop\apps\latex\current\texmfs\install\tex/latex/thmtools\thm-
kv.sty
Package: thm-kv 2019/07/31 v67
Package thm-kv Info: Theorem names will be uppercased on input line 39.
Package thm-kv Info: kvsetkeys patch (v1.16 or later) on input line 155.
)
(C:\Users\alexb\scoop\apps\latex\current\texmfs\install\tex/latex/thmtools\thm-
autoref.sty
Package: thm-autoref 2019/07/31 v67

(C:\Users\alexb\scoop\apps\latex\current\texmfs\install\tex/latex/thmtools\alia
sctr.sty
Package: aliasctr 2019/07/31 v67
))
(C:\Users\alexb\scoop\apps\latex\current\texmfs\install\tex/latex/thmtools\thm-
listof.sty
Package: thm-listof 2019/07/31 v67
)
(C:\Users\alexb\scoop\apps\latex\current\texmfs\install\tex/latex/thmtools\thm-
restate.sty
Package: thm-restate 2019/07/31 v67
)
(C:\Users\alexb\scoop\apps\latex\current\texmfs\install\tex/latex/thmtools\thm-
amsthm.sty
Package: thm-amsthm 2019/07/31 v67
\thmt@style@headstyle=\toks48
))
(C:\Users\alexb\scoop\apps\latex\current\texmfs\install\tex/latex/l3packages/xf
rac\xfrac.sty
(C:\Users\alexb\scoop\apps\latex\current\texmfs\install\tex/latex/l3packages/l3
keys2e\l3keys2e.sty
Package: l3keys2e 2019-05-28 LaTeX2e option processing using LaTeX3 keys
)
(C:\Users\alexb\scoop\apps\latex\current\texmfs\install\tex/latex/base\textcomp
.sty
Package: textcomp 2018/08/11 v2.0j Standard LaTeX package
Package textcomp Info: Sub-encoding information:
(textcomp)               5 = only ISO-Adobe without \textcurrency
(textcomp)               4 = 5 + \texteuro
(textcomp)               3 = 4 + \textohm
(textcomp)               2 = 3 + \textestimated + \textcurrency
(textcomp)               1 = TS1 - \textcircled - \t
(textcomp)               0 = TS1 (full)
(textcomp)             Font families with sub-encoding setting implement
(textcomp)             only a restricted character set as indicated.
(textcomp)             Family '?' is the default used for unknown fonts.
(textcomp)             See the documentation for details.
Package textcomp Info: Setting ? sub-encoding to TS1/1 on input line 79.

(C:\Users\alexb\scoop\apps\latex\current\texmfs\install\tex/latex/base\ts1enc.d
ef
File: ts1enc.def 2001/06/05 v3.0e (jk/car/fm) Standard LaTeX file
Now handling font encoding TS1 ...
... processing UTF-8 mapping file for font encoding TS1

(C:\Users\alexb\scoop\apps\latex\current\texmfs\install\tex/latex/base\ts1enc.d
fu
File: ts1enc.dfu 2018/10/05 v1.2f UTF-8 support for inputenc
   defining Unicode char U+00A2 (decimal 162)
   defining Unicode char U+00A3 (decimal 163)
   defining Unicode char U+00A4 (decimal 164)
   defining Unicode char U+00A5 (decimal 165)
   defining Unicode char U+00A6 (decimal 166)
   defining Unicode char U+00A7 (decimal 167)
   defining Unicode char U+00A8 (decimal 168)
   defining Unicode char U+00A9 (decimal 169)
   defining Unicode char U+00AA (decimal 170)
   defining Unicode char U+00AC (decimal 172)
   defining Unicode char U+00AE (decimal 174)
   defining Unicode char U+00AF (decimal 175)
   defining Unicode char U+00B0 (decimal 176)
   defining Unicode char U+00B1 (decimal 177)
   defining Unicode char U+00B2 (decimal 178)
   defining Unicode char U+00B3 (decimal 179)
   defining Unicode char U+00B4 (decimal 180)
   defining Unicode char U+00B5 (decimal 181)
   defining Unicode char U+00B6 (decimal 182)
   defining Unicode char U+00B7 (decimal 183)
   defining Unicode char U+00B9 (decimal 185)
   defining Unicode char U+00BA (decimal 186)
   defining Unicode char U+00BC (decimal 188)
   defining Unicode char U+00BD (decimal 189)
   defining Unicode char U+00BE (decimal 190)
   defining Unicode char U+00D7 (decimal 215)
   defining Unicode char U+00F7 (decimal 247)
   defining Unicode char U+0192 (decimal 402)
   defining Unicode char U+02C7 (decimal 711)
   defining Unicode char U+02D8 (decimal 728)
   defining Unicode char U+02DD (decimal 733)
   defining Unicode char U+0E3F (decimal 3647)
   defining Unicode char U+2016 (decimal 8214)
   defining Unicode char U+2020 (decimal 8224)
   defining Unicode char U+2021 (decimal 8225)
   defining Unicode char U+2022 (decimal 8226)
   defining Unicode char U+2030 (decimal 8240)
   defining Unicode char U+2031 (decimal 8241)
   defining Unicode char U+203B (decimal 8251)
   defining Unicode char U+203D (decimal 8253)
   defining Unicode char U+2044 (decimal 8260)
   defining Unicode char U+204E (decimal 8270)
   defining Unicode char U+2052 (decimal 8274)
   defining Unicode char U+20A1 (decimal 8353)
   defining Unicode char U+20A4 (decimal 8356)
   defining Unicode char U+20A6 (decimal 8358)
   defining Unicode char U+20A9 (decimal 8361)
   defining Unicode char U+20AB (decimal 8363)
   defining Unicode char U+20AC (decimal 8364)
   defining Unicode char U+20B1 (decimal 8369)
   defining Unicode char U+2103 (decimal 8451)
   defining Unicode char U+2116 (decimal 8470)
   defining Unicode char U+2117 (decimal 8471)
   defining Unicode char U+211E (decimal 8478)
   defining Unicode char U+2120 (decimal 8480)
   defining Unicode char U+2122 (decimal 8482)
   defining Unicode char U+2126 (decimal 8486)
   defining Unicode char U+2127 (decimal 8487)
   defining Unicode char U+212E (decimal 8494)
   defining Unicode char U+2190 (decimal 8592)
   defining Unicode char U+2191 (decimal 8593)
   defining Unicode char U+2192 (decimal 8594)
   defining Unicode char U+2193 (decimal 8595)
   defining Unicode char U+2329 (decimal 9001)
   defining Unicode char U+232A (decimal 9002)
   defining Unicode char U+2422 (decimal 9250)
   defining Unicode char U+25E6 (decimal 9702)
   defining Unicode char U+25EF (decimal 9711)
   defining Unicode char U+266A (decimal 9834)
   defining Unicode char U+FEFF (decimal 65279)
))
LaTeX Info: Redefining \oldstylenums on input line 334.
Package textcomp Info: Setting cmr sub-encoding to TS1/0 on input line 349.
Package textcomp Info: Setting cmss sub-encoding to TS1/0 on input line 350.
Package textcomp Info: Setting cmtt sub-encoding to TS1/0 on input line 351.
Package textcomp Info: Setting cmvtt sub-encoding to TS1/0 on input line 352.
Package textcomp Info: Setting cmbr sub-encoding to TS1/0 on input line 353.
Package textcomp Info: Setting cmtl sub-encoding to TS1/0 on input line 354.
Package textcomp Info: Setting ccr sub-encoding to TS1/0 on input line 355.
Package textcomp Info: Setting ptm sub-encoding to TS1/4 on input line 356.
Package textcomp Info: Setting pcr sub-encoding to TS1/4 on input line 357.
Package textcomp Info: Setting phv sub-encoding to TS1/4 on input line 358.
Package textcomp Info: Setting ppl sub-encoding to TS1/3 on input line 359.
Package textcomp Info: Setting pag sub-encoding to TS1/4 on input line 360.
Package textcomp Info: Setting pbk sub-encoding to TS1/4 on input line 361.
Package textcomp Info: Setting pnc sub-encoding to TS1/4 on input line 362.
Package textcomp Info: Setting pzc sub-encoding to TS1/4 on input line 363.
Package textcomp Info: Setting bch sub-encoding to TS1/4 on input line 364.
Package textcomp Info: Setting put sub-encoding to TS1/5 on input line 365.
Package textcomp Info: Setting uag sub-encoding to TS1/5 on input line 366.
Package textcomp Info: Setting ugq sub-encoding to TS1/5 on input line 367.
Package textcomp Info: Setting ul8 sub-encoding to TS1/4 on input line 368.
Package textcomp Info: Setting ul9 sub-encoding to TS1/4 on input line 369.
Package textcomp Info: Setting augie sub-encoding to TS1/5 on input line 370.
Package textcomp Info: Setting dayrom sub-encoding to TS1/3 on input line 371.
Package textcomp Info: Setting dayroms sub-encoding to TS1/3 on input line 372.

Package textcomp Info: Setting pxr sub-encoding to TS1/0 on input line 373.
Package textcomp Info: Setting pxss sub-encoding to TS1/0 on input line 374.
Package textcomp Info: Setting pxtt sub-encoding to TS1/0 on input line 375.
Package textcomp Info: Setting txr sub-encoding to TS1/0 on input line 376.
Package textcomp Info: Setting txss sub-encoding to TS1/0 on input line 377.
Package textcomp Info: Setting txtt sub-encoding to TS1/0 on input line 378.
Package textcomp Info: Setting lmr sub-encoding to TS1/0 on input line 379.
Package textcomp Info: Setting lmdh sub-encoding to TS1/0 on input line 380.
Package textcomp Info: Setting lmss sub-encoding to TS1/0 on input line 381.
Package textcomp Info: Setting lmssq sub-encoding to TS1/0 on input line 382.
Package textcomp Info: Setting lmvtt sub-encoding to TS1/0 on input line 383.
Package textcomp Info: Setting lmtt sub-encoding to TS1/0 on input line 384.
Package textcomp Info: Setting qhv sub-encoding to TS1/0 on input line 385.
Package textcomp Info: Setting qag sub-encoding to TS1/0 on input line 386.
Package textcomp Info: Setting qbk sub-encoding to TS1/0 on input line 387.
Package textcomp Info: Setting qcr sub-encoding to TS1/0 on input line 388.
Package textcomp Info: Setting qcs sub-encoding to TS1/0 on input line 389.
Package textcomp Info: Setting qpl sub-encoding to TS1/0 on input line 390.
Package textcomp Info: Setting qtm sub-encoding to TS1/0 on input line 391.
Package textcomp Info: Setting qzc sub-encoding to TS1/0 on input line 392.
Package textcomp Info: Setting qhvc sub-encoding to TS1/0 on input line 393.
Package textcomp Info: Setting futs sub-encoding to TS1/4 on input line 394.
Package textcomp Info: Setting futx sub-encoding to TS1/4 on input line 395.
Package textcomp Info: Setting futj sub-encoding to TS1/4 on input line 396.
Package textcomp Info: Setting hlh sub-encoding to TS1/3 on input line 397.
Package textcomp Info: Setting hls sub-encoding to TS1/3 on input line 398.
Package textcomp Info: Setting hlst sub-encoding to TS1/3 on input line 399.
Package textcomp Info: Setting hlct sub-encoding to TS1/5 on input line 400.
Package textcomp Info: Setting hlx sub-encoding to TS1/5 on input line 401.
Package textcomp Info: Setting hlce sub-encoding to TS1/5 on input line 402.
Package textcomp Info: Setting hlcn sub-encoding to TS1/5 on input line 403.
Package textcomp Info: Setting hlcw sub-encoding to TS1/5 on input line 404.
Package textcomp Info: Setting hlcf sub-encoding to TS1/5 on input line 405.
Package textcomp Info: Setting pplx sub-encoding to TS1/3 on input line 406.
Package textcomp Info: Setting pplj sub-encoding to TS1/3 on input line 407.
Package textcomp Info: Setting ptmx sub-encoding to TS1/4 on input line 408.
Package textcomp Info: Setting ptmj sub-encoding to TS1/4 on input line 409.
)
(C:\Users\alexb\scoop\apps\latex\current\texmfs\install\tex/latex/l3packages/xt
emplate\xtemplate.sty
Package: xtemplate 2019-05-28 L3 Experimental prototype document functions
\l__xtemplate_tmp_dim=\dimen287
\l__xtemplate_tmp_int=\count317
\l__xtemplate_tmp_muskip=\muskip18
\l__xtemplate_tmp_skip=\skip131
)
Package: xfrac 2019-05-28 L3 Experimental split-level fractions
\l__xfrac_slash_box=\box69
\l__xfrac_tmp_box=\box70
\l__xfrac_denominator_bot_sep_dim=\dimen288
\l__xfrac_numerator_bot_sep_dim=\dimen289
\l__xfrac_numerator_top_sep_dim=\dimen290
\l__xfrac_slash_left_sep_dim=\dimen291
\l__xfrac_slash_right_sep_dim=\dimen292
\l__xfrac_slash_left_muskip=\muskip19
\l__xfrac_slash_right_muskip=\muskip20

Package xtemplate Info: Declaring object type 'xfrac' taking 3 argument(s) on
(xtemplate)             line 79.

)
(C:\Users\alexb\scoop\apps\latex\current\texmfs\install\tex/latex/stmaryrd\stma
ryrd.sty
Package: stmaryrd 1994/03/03 St Mary's Road symbol package
\symstmry=\mathgroup8
LaTeX Font Info:    Overwriting symbol font `stmry' in version `bold'
(Font)                  U/stmry/m/n --> U/stmry/b/n on input line 89.
)
(C:\Users\alexb\scoop\apps\latex\current\texmfs\install\tex/latex/commath\comma
th.sty
(C:\Users\alexb\scoop\apps\latex\current\texmfs\install\tex/latex/base\ifthen.s
ty
Package: ifthen 2014/09/29 v1.1c Standard LaTeX ifthen package (DPC)
))
(C:\Users\alexb\scoop\apps\latex\current\texmfs\install\tex/latex/multirow\mult
irow.sty
Package: multirow 2019/05/31 v2.5 Span multiple rows of a table
\multirow@colwidth=\skip132
\multirow@cntb=\count318
\multirow@dima=\skip133
\bigstrutjot=\dimen293
)
(C:\Users\alexb\scoop\apps\latex\current\texmfs\install\tex/latex/float\float.s
ty
Package: float 2001/11/08 v1.3d Float enhancements (AL)
\c@float@type=\count319
\float@exts=\toks49
\float@box=\box71
\@float@everytoks=\toks50
\@floatcapt=\box72
)
(C:\Users\alexb\scoop\apps\latex\current\texmfs\install\tex/latex/siunitx\siuni
tx.sty
Package: siunitx 2018/05/17 v2.7s A comprehensive (SI) units package

(C:\Users\alexb\scoop\apps\latex\current\texmfs\install\tex/latex/tools\array.s
ty
Package: array 2018/12/30 v2.4k Tabular extension package (FMi)
\col@sep=\dimen294
\ar@mcellbox=\box73
\extrarowheight=\dimen295
\NC@list=\toks51
\extratabsurround=\skip134
\backup@length=\skip135
\ar@cellbox=\box74
)
\l__siunitx_tmp_box=\box75
\l__siunitx_tmp_dim=\dimen296
\l__siunitx_tmp_int=\count320
\l__siunitx_number_mantissa_length_int=\count321
\l__siunitx_number_uncert_length_int=\count322
\l__siunitx_round_int=\count323
\l__siunitx_process_decimal_int=\count324
\l__siunitx_process_uncertainty_int=\count325
\l__siunitx_process_fixed_int=\count326
\l__siunitx_process_integer_min_int=\count327
\l__siunitx_process_precision_int=\count328
\l__siunitx_group_min_int=\count329
\l__siunitx_angle_marker_box=\box76
\l__siunitx_angle_unit_box=\box77
\l__siunitx_angle_marker_dim=\dimen297
\l__siunitx_angle_unit_dim=\dimen298
\l__siunitx_unit_int=\count330
\l__siunitx_unit_denominator_int=\count331
\l__siunitx_unit_numerator_int=\count332
\l__siunitx_unit_prefix_int=\count333
\l__siunitx_unit_prefix_base_int=\count334
\l__siunitx_unit_prefix_gram_int=\count335
\l__siunitx_number_product_int=\count336
\c__siunitx_one_fill_skip=\skip136
\l__siunitx_table_unit_align_skip=\skip137
\l__siunitx_table_exponent_dim=\dimen299
\l__siunitx_table_integer_dim=\dimen300
\l__siunitx_table_mantissa_dim=\dimen301
\l__siunitx_table_marker_dim=\dimen302
\l__siunitx_table_result_dim=\dimen303
\l__siunitx_table_uncert_dim=\dimen304
\l__siunitx_table_fill_pre_dim=\dimen305
\l__siunitx_table_fill_post_dim=\dimen306
\l__siunitx_table_fill_mid_dim=\dimen307
\l__siunitx_table_pre_box=\box78
\l__siunitx_table_post_box=\box79
\l__siunitx_table_mantissa_box=\box80
\l__siunitx_table_result_box=\box81
\l__siunitx_table_number_align_skip=\skip138
\l__siunitx_table_text_align_skip=\skip139

(C:\Users\alexb\scoop\apps\latex\current\texmfs\install\tex/latex/translator\tr
anslator.sty
Package: translator 2019-05-31 v1.12a Easy translation of strings in LaTeX
))
(C:\Users\alexb\scoop\apps\latex\current\texmfs\install\tex/latex/faktor\faktor
.sty
Package: faktor 2006/04/05 v0.1b Faktor-Ringe, -Gruppen, -Raeume (PE)
\faktor@zaehlerhoehe=\skip140
\faktor@nennerhoehe=\skip141
)
(C:\Users\alexb\scoop\apps\latex\current\texmfs\install\tex/latex/oberdiek\cent
ernot.sty
Package: centernot 2016/05/16 v1.4 Centers the not symbol horizontally (HO)
)
(C:\Users\alexb\scoop\apps\latex\current\texmfs\install\tex/latex/tikz-cd\tikz-
cd.sty
Package: tikz-cd 2018/11/19 v0.9f Commutative diagrams with TikZ

(C:\Users\alexb\scoop\apps\latex\current\texmfs\install\tex/latex/tikz-cd\tikzl
ibrarycd.code.tex
(C:\Users\alexb\scoop\apps\latex\current\texmfs\install\tex/generic/pgf/fronten
dlayer/tikz/libraries\tikzlibrarymatrix.code.tex
File: tikzlibrarymatrix.code.tex 2019/08/03 v3.1.4b (3.1.4b)
)
(C:\Users\alexb\scoop\apps\latex\current\texmfs\install\tex/generic/pgf/fronten
dlayer/tikz/libraries\tikzlibraryquotes.code.tex
File: tikzlibraryquotes.code.tex 2019/08/03 v3.1.4b (3.1.4b)
)
(C:\Users\alexb\scoop\apps\latex\current\texmfs\install\tex/generic/pgf/librari
es\pgflibraryarrows.meta.code.tex
File: pgflibraryarrows.meta.code.tex 2019/08/03 v3.1.4b (3.1.4b)
\pgfarrowinset=\dimen308
\pgfarrowlength=\dimen309
\pgfarrowwidth=\dimen310
\pgfarrowlinewidth=\dimen311
)))
(C:\Users\alexb\scoop\apps\latex\current\texmfs\install\tex/latex/tools\multico
l.sty
Package: multicol 2018/12/27 v1.8v multicolumn formatting (FMi)
\c@tracingmulticols=\count337
\mult@box=\box82
\multicol@leftmargin=\dimen312
\c@unbalance=\count338
\c@collectmore=\count339
\doublecol@number=\count340
\multicoltolerance=\count341
\multicolpretolerance=\count342
\full@width=\dimen313
\page@free=\dimen314
\premulticols=\dimen315
\postmulticols=\dimen316
\multicolsep=\skip142
\multicolbaselineskip=\skip143
\partial@page=\box83
\last@line=\box84
\maxbalancingoverflow=\dimen317
\mult@rightbox=\box85
\mult@grightbox=\box86
\mult@gfirstbox=\box87
\mult@firstbox=\box88
\@tempa=\box89
\@tempa=\box90
\@tempa=\box91
\@tempa=\box92
\@tempa=\box93
\@tempa=\box94
\@tempa=\box95
\@tempa=\box96
\@tempa=\box97
\@tempa=\box98
\@tempa=\box99
\@tempa=\box100
\@tempa=\box101
\@tempa=\box102
\@tempa=\box103
\@tempa=\box104
\@tempa=\box105
\c@columnbadness=\count343
\c@finalcolumnbadness=\count344
\last@try=\dimen318
\multicolovershoot=\dimen319
\multicolundershoot=\dimen320
\mult@nat@firstbox=\box106
\colbreak@box=\box107
\mc@col@check@num=\count345
)
(C:\Users\alexb\scoop\apps\latex\current\texmfs\install\tex/latex/doublestroke\
dsfont.sty
Package: dsfont 1995/08/01 v0.1 Double stroke roman fonts
)
(C:\Users\alexb\scoop\apps\latex\current\texmfs\install\tex/latex/enumitem\enum
item.sty
Package: enumitem 2019/06/20 v3.9 Customized lists
\labelindent=\skip144
\enit@outerparindent=\dimen321
\enit@toks=\toks52
\enit@inbox=\box108
\enit@count@id=\count346
\enitdp@description=\count347
)
(C:\Users\alexb\scoop\apps\latex\current\texmfs\install\tex/generic/babel\babel
.sty
Package: babel 2019/07/19 3.33 The Babel package

(C:\Users\alexb\scoop\apps\latex\current\texmfs\install\tex/generic/babel\switc
h.def
File: switch.def 2019/07/19 3.33 Babel switching mechanism
)
*************************************
* Local config file bblopts.cfg used
*

(C:\Users\alexb\scoop\apps\latex\current\texmfs\install\tex/latex/arabi\bblopts
.cfg
File: bblopts.cfg 2005/09/08 v0.1 add Arabic and Farsi to "declared" options of
 babel
)
(C:\Users\alexb\scoop\apps\latex\current\texmfs\install\tex/latex/babel-catalan
\catalan.ldf
Language: catalan 2005/03/29 v2.2p Catalan support from the babel system

(C:\Users\alexb\scoop\apps\latex\current\texmfs\install\tex/generic/babel\babel
.def
File: babel.def 2019/07/19 3.33 Babel common definitions
\babel@savecnt=\count348
\U@D=\dimen322

(C:\Users\alexb\scoop\apps\latex\current\texmfs\install\tex/generic/babel\txtba
bel.def)
\bbl@dirlevel=\count349
)
Package babel Info: Making " an active character on input line 91.
\leftllkern=\dimen323
\rightllkern=\dimen324
\raiselldim=\dimen325
))
(C:\Users\alexb\scoop\apps\latex\current\texmfs\install\tex/latex/base\makeidx.
sty
Package: makeidx 2014/09/29 v1.0m Standard LaTeX package
)
(C:\Users\alexb\scoop\apps\latex\current\texmfs\install\tex/latex/doclicense\do
clicense.sty
Package: doclicense 2019/06/05 v1.10.0 Support for putting documents under a li
cense

(C:\Users\alexb\scoop\apps\latex\current\texmfs\install\tex/latex/xifthen\xifth
en.sty
Package: xifthen 2015/11/05 v1.4.0 Extended ifthen features

(C:\Users\alexb\scoop\apps\latex\current\texmfs\install\tex/latex/ifmtarg\ifmta
rg.sty
Package: ifmtarg 2018/04/16 v1.2b check for an empty argument
))
(C:\Users\alexb\scoop\apps\latex\current\texmfs\install\tex/latex/tools\xspace.
sty
Package: xspace 2014/10/28 v1.13 Space after command names (DPC,MH)
)
(C:\Users\alexb\scoop\apps\latex\current\texmfs\install\tex/latex/tools\verbati
m.sty
Package: verbatim 2014/10/28 v1.5q LaTeX2e package for verbatim enhancements
\every@verbatim=\toks53
\verbatim@line=\toks54
\verbatim@in@stream=\read3
)
\doclicense@hsize=\skip145

(C:\Users\alexb\scoop\apps\latex\current\texmfs\install\tex/latex/doclicense\do
clicense-catalan.ldf
File: doclicense-catalan.ldf 
))
(C:\Users\alexb\scoop\apps\latex\current\texmfs\install\tex/generic/pgf/fronten
dlayer/tikz/libraries\tikzlibrarypositioning.code.tex
File: tikzlibrarypositioning.code.tex 2019/08/03 v3.1.4b (3.1.4b)
)
(C:\Users\alexb\scoop\apps\latex\current\texmfs\install\tex/generic/pgf/fronten
dlayer/tikz/libraries\tikzlibraryarrows.code.tex
File: tikzlibraryarrows.code.tex 2019/08/03 v3.1.4b (3.1.4b)

(C:\Users\alexb\scoop\apps\latex\current\texmfs\install\tex/generic/pgf/librari
es\pgflibraryarrows.code.tex
File: pgflibraryarrows.code.tex 2019/08/03 v3.1.4b (3.1.4b)
\arrowsize=\dimen326
))
(C:\Users\alexb\scoop\apps\latex\current\texmfs\install\tex/generic/pgf/fronten
dlayer/tikz/libraries\tikzlibrarycalc.code.tex
File: tikzlibrarycalc.code.tex 2019/08/03 v3.1.4b (3.1.4b)
)
(C:\Users\alexb\scoop\apps\latex\current\texmfs\install\tex/generic/pgf/fronten
dlayer/tikz/libraries\tikzlibrarybabel.code.tex
File: tikzlibrarybabel.code.tex 2019/08/03 v3.1.4b (3.1.4b)
)
(C:\Users\alexb\scoop\apps\latex\current\texmfs\install\tex/latex/pgf/frontendl
ayer/libraries\tikzlibraryexternal.code.tex
(C:\Users\alexb\scoop\apps\latex\current\texmfs\install\tex/generic/pgf/fronten
dlayer/tikz/libraries\tikzexternalshared.code.tex))
\openout3 = `main.auxlock'.

Package hyperref Info: Option `colorlinks' set `true' on input line 164.
\@indexfile=\write4
\openout4 = `main.idx'.


Writing index file main.idx
)
(C:\Users\alexb\scoop\apps\latex\current\texmfs\install\tex/latex/idxlayout\idx
layout.sty
Package: idxlayout 2012/03/30 v0.4d Configurable index layout
\c@idxcols=\count350
\indexcolsep=\skip146
\indexrule=\skip147
\ila@indentunit=\skip148
\ila@initsep=\skip149
) (../environments_ca.tex
\c@lema=\count351
)
(C:\Users\alexb\scoop\apps\latex\current\texmfs\install\tex/latex/csquotes\csqu
otes.sty
Package: csquotes 2019/05/10 v5.2e context-sensitive quotations (JAW)
\csq@reset=\count352
\csq@gtype=\count353
\csq@glevel=\count354
\csq@qlevel=\count355
\csq@maxlvl=\count356
\csq@tshold=\count357
\csq@ltx@everypar=\toks55

(C:\Users\alexb\scoop\apps\latex\current\texmfs\install\tex/latex/csquotes\csqu
otes.def
File: csquotes.def 2019/05/10 v5.2e csquotes generic definitions (JAW)
)
Package csquotes Info: Trying to load configuration file 'csquotes.cfg'...
Package csquotes Info: ... configuration file loaded successfully.

(C:\Users\alexb\scoop\apps\latex\current\texmfs\install\tex/latex/csquotes\csqu
otes.cfg
File: csquotes.cfg 
))
(C:\Users\alexb\scoop\apps\latex\current\texmfs\install\tex/latex/ccicons\ccico
ns.sty
Package: ccicons 2017/10/30 v1.6 LaTeX support for Creative Commons icons

(C:\Users\alexb\scoop\apps\latex\current\texmfs\install\tex/latex/xkeyval\xkeyv
al.sty
Package: xkeyval 2014/12/03 v2.7a package option processing (HA)

(C:\Users\alexb\scoop\apps\latex\current\texmfs\install\tex/generic/xkeyval\xke
yval.tex
(C:\Users\alexb\scoop\apps\latex\current\texmfs\install\tex/generic/xkeyval\xkv
utils.tex
\XKV@toks=\toks56
\XKV@tempa@toks=\toks57
)
\XKV@depth=\count358
File: xkeyval.tex 2014/12/03 v2.7a key=value parser (HA)
)))

Package idxlayout Warning: Package ragged2e not available, therefore
(idxlayout)                substituting command raggedright for RaggedRight
(idxlayout)                 on input line 10.

(main.aux)
\openout1 = `main.aux'.

LaTeX Font Info:    Checking defaults for OML/cmm/m/it on input line 10.
LaTeX Font Info:    ... okay on input line 10.
LaTeX Font Info:    Checking defaults for T1/cmr/m/n on input line 10.
LaTeX Font Info:    ... okay on input line 10.
LaTeX Font Info:    Checking defaults for OT1/cmr/m/n on input line 10.
LaTeX Font Info:    ... okay on input line 10.
LaTeX Font Info:    Checking defaults for OMS/cmsy/m/n on input line 10.
LaTeX Font Info:    ... okay on input line 10.
LaTeX Font Info:    Checking defaults for OMX/cmex/m/n on input line 10.
LaTeX Font Info:    ... okay on input line 10.
LaTeX Font Info:    Checking defaults for U/cmr/m/n on input line 10.
LaTeX Font Info:    ... okay on input line 10.
LaTeX Font Info:    Checking defaults for PD1/pdf/m/n on input line 10.
LaTeX Font Info:    ... okay on input line 10.
LaTeX Font Info:    Checking defaults for TS1/cmr/m/n on input line 10.
LaTeX Font Info:    Try loading font information for TS1+cmr on input line 10.

(C:\Users\alexb\scoop\apps\latex\current\texmfs\install\tex/latex/base\ts1cmr.f
d
File: ts1cmr.fd 2014/09/29 v2.5h Standard LaTeX font definitions
)
LaTeX Font Info:    ... okay on input line 10.
LaTeX Font Info:    Try loading font information for T1+lmr on input line 10.

(C:\Users\alexb\scoop\apps\latex\current\texmfs\install\tex/latex/lm\t1lmr.fd
File: t1lmr.fd 2009/10/30 v1.6 Font defs for Latin Modern
)
*geometry* driver: auto-detecting
*geometry* detected driver: pdftex
*geometry* verbose mode - [ preamble ] result:
* driver: pdftex
* paper: a4paper
* layout: <same size as paper>
* layoutoffset:(h,v)=(0.0pt,0.0pt)
* modes: twoside 
* h-part:(L,W,R)=(72.26999pt, 452.9679pt, 72.26999pt)
* v-part:(T,H,B)=(72.26999pt, 700.50687pt, 72.26999pt)
* \paperwidth=597.50787pt
* \paperheight=845.04684pt
* \textwidth=452.9679pt
* \textheight=700.50687pt
* \oddsidemargin=0.0pt
* \evensidemargin=0.0pt
* \topmargin=-31.8738pt
* \headheight=12.0pt
* \headsep=19.8738pt
* \topskip=12.0pt
* \footskip=30.0pt
* \marginparwidth=98.0pt
* \marginparsep=7.0pt
* \columnsep=10.0pt
* \skip\footins=10.8pt plus 4.0pt minus 2.0pt
* \hoffset=0.0pt
* \voffset=0.0pt
* \mag=1000
* \@twocolumnfalse
* \@twosidetrue
* \@mparswitchtrue
* \@reversemarginfalse
* (1in=72.27pt=25.4mm, 1cm=28.453pt)

\AtBeginShipoutBox=\box109
Package hyperref Info: Link coloring ON on input line 10.

(C:\Users\alexb\scoop\apps\latex\current\texmfs\install\tex/latex/hyperref\name
ref.sty
Package: nameref 2016/05/21 v2.44 Cross-referencing by name of section

(C:\Users\alexb\scoop\apps\latex\current\texmfs\install\tex/generic/oberdiek\ge
ttitlestring.sty
Package: gettitlestring 2016/05/16 v1.5 Cleanup title references (HO)
)
\c@section@level=\count359
)
LaTeX Info: Redefining \ref on input line 10.
LaTeX Info: Redefining \pageref on input line 10.
LaTeX Info: Redefining \nameref on input line 10.
 (main.out) (main.out)
\@outlinefile=\write5
\openout5 = `main.out'.


(C:\Users\alexb\scoop\apps\latex\current\texmfs\install\tex/context/base/mkii\s
upp-pdf.mkii
[Loading MPS to PDF converter (version 2006.09.02).]
\scratchcounter=\count360
\scratchdimen=\dimen327
\scratchbox=\box110
\nofMPsegments=\count361
\nofMParguments=\count362
\everyMPshowfont=\toks58
\MPscratchCnt=\count363
\MPscratchDim=\dimen328
\MPnumerator=\count364
\makeMPintoPDFobject=\count365
\everyMPtoPDFconversion=\toks59
)
(C:\Users\alexb\scoop\apps\latex\current\texmfs\install\tex/latex/oberdiek\epst
opdf-base.sty
Package: epstopdf-base 2016/05/15 v2.6 Base part for package epstopdf

(C:\Users\alexb\scoop\apps\latex\current\texmfs\install\tex/latex/oberdiek\grfe
xt.sty
Package: grfext 2016/05/16 v1.2 Manage graphics extensions (HO)
)
Package epstopdf-base Info: Redefining graphics rule for `.eps' on input line 4
38.
Package grfext Info: Graphics extension search list:
(grfext)             [.pdf,.png,.jpg,.mps,.jpeg,.jbig2,.jb2,.PDF,.PNG,.JPG,.JPE
G,.JBIG2,.JB2,.eps]
(grfext)             \AppendGraphicsExtensions on input line 456.
) ABD: EveryShipout initializing macros
Package pgfplots notification 'compat/show suggested version=true': you might b
enefit from \pgfplotsset{compat=1.16} (current compat level: 1.11).


(C:\Users\alexb\scoop\apps\latex\current\texmfs\install\tex/latex/translator\tr
anslator-basic-dictionary-English.dict
Dictionary: translator-basic-dictionary, Language: English 
)
(C:\Users\alexb\scoop\apps\latex\current\texmfs\install\tex/latex/siunitx\siuni
tx-abbreviations.cfg
File: siunitx-abbreviations.cfg 2017/11/26 v2.7k siunitx: Abbreviated units
)
LaTeX Info: Redefining \l on input line 10.
LaTeX Info: Redefining \L on input line 10.
LaTeX Font Info:    Try loading font information for OT1+lmr on input line 10.

(C:\Users\alexb\scoop\apps\latex\current\texmfs\install\tex/latex/lm\ot1lmr.fd
File: ot1lmr.fd 2009/10/30 v1.6 Font defs for Latin Modern
)
LaTeX Font Info:    Try loading font information for OML+lmm on input line 10.
(C:\Users\alexb\scoop\apps\latex\current\texmfs\install\tex/latex/lm\omllmm.fd
File: omllmm.fd 2009/10/30 v1.6 Font defs for Latin Modern
)
LaTeX Font Info:    Try loading font information for OMS+lmsy on input line 10.


(C:\Users\alexb\scoop\apps\latex\current\texmfs\install\tex/latex/lm\omslmsy.fd
File: omslmsy.fd 2009/10/30 v1.6 Font defs for Latin Modern
)
LaTeX Font Info:    Try loading font information for OMX+lmex on input line 10.


(C:\Users\alexb\scoop\apps\latex\current\texmfs\install\tex/latex/lm\omxlmex.fd
File: omxlmex.fd 2009/10/30 v1.6 Font defs for Latin Modern
)
LaTeX Font Info:    External font `lmex10' loaded for size
(Font)              <12> on input line 10.
LaTeX Font Info:    External font `lmex10' loaded for size
(Font)              <8> on input line 10.
LaTeX Font Info:    External font `lmex10' loaded for size
(Font)              <6> on input line 10.
LaTeX Font Info:    Try loading font information for U+msa on input line 10.

(C:\Users\alexb\scoop\apps\latex\current\texmfs\install\tex/latex/amsfonts\umsa
.fd
File: umsa.fd 2013/01/14 v3.01 AMS symbols A
)
LaTeX Font Info:    Try loading font information for U+msb on input line 10.

(C:\Users\alexb\scoop\apps\latex\current\texmfs\install\tex/latex/amsfonts\umsb
.fd
File: umsb.fd 2013/01/14 v3.01 AMS symbols B
)
LaTeX Font Info:    Try loading font information for U+rsfs on input line 10.

(C:\Users\alexb\scoop\apps\latex\current\texmfs\install\tex/latex/jknappen\ursf
s.fd
File: ursfs.fd 1998/03/24 rsfs font definition file (jk)
)
LaTeX Font Info:    Try loading font information for U+stmry on input line 10.

(C:\Users\alexb\scoop\apps\latex\current\texmfs\install\tex/latex/stmaryrd\ustm
ry.fd)
LaTeX Font Info:    Try loading font information for OT1+lmss on input line 10.


(C:\Users\alexb\scoop\apps\latex\current\texmfs\install\tex/latex/lm\ot1lmss.fd
File: ot1lmss.fd 2009/10/30 v1.6 Font defs for Latin Modern
)
LaTeX Font Info:    Try loading font information for OT1+lmtt on input line 10.


(C:\Users\alexb\scoop\apps\latex\current\texmfs\install\tex/latex/lm\ot1lmtt.fd
File: ot1lmtt.fd 2009/10/30 v1.6 Font defs for Latin Modern
) (title.tex [1



{C:/Users/alexb/scoop/apps/latex/current/texmfs/data/pdftex/config/pdftex.map}]
<doclicense-CC-by-nc-sa.pdf, id=222, 121.45375pt x 43.16125pt>
File: doclicense-CC-by-nc-sa.pdf Graphic file (type pdf)
<use doclicense-CC-by-nc-sa.pdf>
Package pdftex.def Info: doclicense-CC-by-nc-sa.pdf  used on input line 91.
(pdftex.def)             Requested size: 117.49832pt x 41.75504pt.
) [2 <C:/Users/alexb/scoop/apps/latex/current/texmfs/install/tex/latex/doclicen
se/images/doclicense-CC-by-nc-sa.pdf>] (main.toc [3

]
LaTeX Font Info:    Try loading font information for TS1+lmr on input line 47.

(C:\Users\alexb\scoop\apps\latex\current\texmfs\install\tex/latex/lm\ts1lmr.fd
File: ts1lmr.fd 2009/10/30 v1.6 Font defs for Latin Modern
))
\tf@toc=\write6
\openout6 = `main.toc'.

 [4] (tema_u.tex
Tema 1.
[1


]
Package hyperref Info: bookmark level for unknown teo defaults to 0 on input li
ne 52.
 [2]) (tema_dos.tex [3] [4

]
Tema 2.
Package hyperref Info: bookmark level for unknown defi defaults to 0 on input l
ine 9.
[5]
Overfull \hbox (34.08295pt too wide) detected at line 51
[]  \OMS/lmsy/m/n/12 ([])  [] [] \OT1/lmr/m/n/12 = []  \OMS/lmsy/m/n/12 ([])  [
] [] \OT1/lmr/m/n/12 = []
 []

[6]) (tema_tres.tex [7] [8

]
Tema 3.
[9] [10]) (tema_quatre.tex [11] [12

]
Tema 4.
[13] [14]) (tema_cinc.tex [15] [16

]
Tema 5.

Overfull \hbox (184.61162pt too wide) detected at line 21
\OML/lmm/m/it/12 W[] \OT1/lmr/m/n/12 = [][] [] \OMS/lmsy/m/n/12  \OML/lmm/m/it
/12 d[] \OT1/lmr/m/n/12 = [][] [] \OMS/lmsy/m/n/12  []\OML/lmm/m/it/12 dt \OT1
/lmr/m/n/12 = [][] \OML/lmm/m/it/12 m[] \OMS/lmsy/m/n/12  []\OML/lmm/m/it/12 d
t \OT1/lmr/m/n/12 = []  [][] \OML/lmm/m/it/12 m[] \OMS/lmsy/m/n/12  []\OML/lmm
/m/it/12 dt \OT1/lmr/m/n/12 = []\OML/lmm/m/it/12 m [][] []\OT1/lmr/m/n/12 ([] \
OMS/lmsy/m/n/12  []\OT1/lmr/m/n/12 )\OML/lmm/m/it/12 dt \OT1/lmr/m/n/12 = [] [
]\OML/lmm/m/it/12 m [][] \OT1/lmr/m/n/12 2\OML/lmm/m/it/12 vdv \OT1/lmr/m/n/12 
= []\OML/lmm/m/it/12 m\OT1/lmr/m/n/12 (\OML/lmm/m/it/12 v[] \OMS/lmsy/m/n/12   
\OML/lmm/m/it/12 v[]\OT1/lmr/m/n/12 ) = \OML/lmm/m/it/12 E[] \OMS/lmsy/m/n/12  
 \OML/lmm/m/it/12 E[]:
 []

[17]) (tema_sis.tex [18]
Tema 6.
Package hyperref Info: bookmark level for unknown obs defaults to 0 on input li
ne 18.
[19

]
Overfull \hbox (10.27303pt too wide) detected at line 84
[] \OT1/lmr/m/n/12 + [] = [][] \OMS/lmsy/m/n/12   [] [][]  ([])  [] \OT1/lmr/m/
n/12 = [][] \OMS/lmsy/m/n/12   [] [][]   []  ([]) 
 []

) (tema_set.tex [20] [21] [22

]
Tema 7.
[23]
Overfull \hbox (86.67017pt too wide) detected at line 71
\OML/lmm/m/it/12 x\OT1/lmr/m/n/12 (\OML/lmm/m/it/12 t\OT1/lmr/m/n/12 ) = \OML/l
mm/m/it/12 e[]\OT1/lmr/m/n/12 (\OML/lmm/m/it/12 Ae[] \OT1/lmr/m/n/12 + \OML/lmm
/m/it/12 Be[]\OT1/lmr/m/n/12 ) = \OML/lmm/m/it/12 e[]\OT1/lmr/m/n/12 (\OML/lmm/
m/it/12 C []\OT1/lmr/m/n/12 (\OML/lmm/m/it/12 !t\OT1/lmr/m/n/12 ) + \OML/lmm/m/
it/12 D []\OT1/lmr/m/n/12 (\OML/lmm/m/it/12 !t\OT1/lmr/m/n/12 )) = \OML/lmm/m/i
t/12 e[]A[] []\OT1/lmr/m/n/12 (\OML/lmm/m/it/12 !t \OT1/lmr/m/n/12 + \OML/lmm/m
/it/12 \OT1/lmr/m/n/12 ) = \OML/lmm/m/it/12 A[]\OT1/lmr/m/n/12 (\OML/lmm/m/it/
12 t\OT1/lmr/m/n/12 ) [](\OML/lmm/m/it/12 !t \OT1/lmr/m/n/12 + \OML/lmm/m/it/12
 \OT1/lmr/m/n/12 )\OML/lmm/m/it/12 :
 []

[24] [25]
<coupled-oscillators.png, id=448, 513.92pt x 129.48375pt>
File: coupled-oscillators.png Graphic file (type png)
<use coupled-oscillators.png>
Package pdftex.def Info: coupled-oscillators.png  used on input line 118.
(pdftex.def)             Requested size: 226.48395pt x 57.06389pt.
 [26 <./coupled-oscillators.png>])
No file main.ind.
[27]
Package atveryend Info: Empty hook `BeforeClearDocument' on input line 32.
Package atveryend Info: Empty hook `AfterLastShipout' on input line 32.
 (main.aux)
Package atveryend Info: Executing hook `AtVeryEndDocument' on input line 32.
Package atveryend Info: Executing hook `AtEndAfterFileList' on input line 32.
Package rerunfilecheck Info: File `main.out' has not changed.
(rerunfilecheck)             Checksum: 5CCFA2C4D437B5342827E5FAEFC07C66;3971.
Package atveryend Info: Empty hook `AtVeryVeryEnd' on input line 32.
 ) 
Here is how much of TeX's memory you used:
 48993 strings out of 492895
 1127858 string characters out of 3120947
 1281405 words of memory out of 3000000
 51987 multiletter control sequences out of 15000+200000
 610769 words of font info for 80 fonts, out of 3000000 for 9000
 1141 hyphenation exceptions out of 8191
 64i,10n,96p,1030b,951s stack positions out of 5000i,500n,10000p,200000b,50000s
{C:/Users/alexb/scoop/apps/latex/current/texmfs/install/fonts/enc/dvips/lm/lm
-ec.enc}{C:/Users/alexb/scoop/apps/latex/current/texmfs/install/fonts/enc/dvips
/lm/lm-ts1.enc}{C:/Users/alexb/scoop/apps/latex/current/texmfs/install/fonts/en
c/dvips/lm/lm-mathit.enc}{C:/Users/alexb/scoop/apps/latex/current/texmfs/instal
l/fonts/enc/dvips/lm/lm-rm.enc}{C:/Users/alexb/scoop/apps/latex/current/texmfs/
install/fonts/enc/dvips/lm/lm-mathsy.enc}{C:/Users/alexb/scoop/apps/latex/curre
nt/texmfs/install/fonts/enc/dvips/lm/lm-mathex.enc}<C:/Users/alexb/scoop/apps/l
atex/current/texmfs/install/fonts/type1/public/lm/lmbx12.pfb><C:/Users/alexb/sc
oop/apps/latex/current/texmfs/install/fonts/type1/public/lm/lmcsc10.pfb><C:/Use
rs/alexb/scoop/apps/latex/current/texmfs/install/fonts/type1/public/lm/lmex10.p
fb><C:/Users/alexb/scoop/apps/latex/current/texmfs/install/fonts/type1/public/l
m/lmmi12.pfb><C:/Users/alexb/scoop/apps/latex/current/texmfs/install/fonts/type
1/public/lm/lmmi6.pfb><C:/Users/alexb/scoop/apps/latex/current/texmfs/install/f
onts/type1/public/lm/lmmi8.pfb><C:/Users/alexb/scoop/apps/latex/current/texmfs/
install/fonts/type1/public/lm/lmr12.pfb><C:/Users/alexb/scoop/apps/latex/curren
t/texmfs/install/fonts/type1/public/lm/lmr6.pfb><C:/Users/alexb/scoop/apps/late
x/current/texmfs/install/fonts/type1/public/lm/lmr8.pfb><C:/Users/alexb/scoop/a
pps/latex/current/texmfs/install/fonts/type1/public/lm/lmri12.pfb><C:/Users/ale
xb/scoop/apps/latex/current/texmfs/install/fonts/type1/public/lm/lmro12.pfb><C:
/Users/alexb/scoop/apps/latex/current/texmfs/install/fonts/type1/public/lm/lmsy
10.pfb><C:/Users/alexb/scoop/apps/latex/current/texmfs/install/fonts/type1/publ
ic/lm/lmsy6.pfb><C:/Users/alexb/scoop/apps/latex/current/texmfs/install/fonts/t
ype1/public/lm/lmsy8.pfb>
Output written on main.pdf (31 pages, 362379 bytes).
PDF statistics:
 544 PDF objects out of 1000 (max. 8388607)
 116 named destinations out of 1000 (max. 500000)
 439 words of extra memory for PDF output out of 10000 (max. 10000000)

